Log file open, 03/15/17 23:08:54
LogInit:Display: Running engine for game: LostInTimeAssetShare
LogPlatformFile: Not using cached read wrapper
LogInit:Display: RandInit(456675608) SRandInit(456675608).
LogTaskGraph: Started task graph with 5 named threads and 8 total threads with 1 sets of task threads.
LogStats: Stats thread started at 0.069725
LogInit: Using libcurl 7.47.1
LogInit:  - built for x86_64-pc-win32
LogInit:  - supports SSL with OpenSSL/1.0.2g
LogInit:  - supports HTTP deflate (compression) using libz 1.2.8
LogInit:  - other features:
LogInit:      CURL_VERSION_SSL
LogInit:      CURL_VERSION_LIBZ
LogInit:      CURL_VERSION_IPV6
LogInit:      CURL_VERSION_ASYNCHDNS
LogInit:      CURL_VERSION_LARGEFILE
LogInit:      CURL_VERSION_IDN
LogInit:  CurlRequestOptions (configurable via config and command line):
LogInit:  - bVerifyPeer = false  - Libcurl will NOT verify peer certificate
LogInit:  - bUseHttpProxy = false  - Libcurl will NOT use HTTP proxy
LogInit:  - bDontReuseConnections = false  - Libcurl will reuse connections
LogInit:  - CertBundlePath = nullptr  - Libcurl will use whatever was configured at build time.
LogInit: Build: ++UE4+Release-4.15-CL-3299760
LogInit: Engine Version: 4.15.0-3299760+++UE4+Release-4.15
LogInit: Compatible Engine Version: 4.15.0-3299760+++UE4+Release-4.15
LogInit: Net CL: 3299760
LogDevObjectVersion: Number of dev versions registered: 14
LogDevObjectVersion:   Dev-Blueprints (B0D832E4-1F89-4F0D-ACCF-7EB736FD4AA2): 8
LogDevObjectVersion:   Dev-Build (E1C64328-A22C-4D53-A36C-8E866417BD8C): 0
LogDevObjectVersion:   Dev-Core (375EC13C-06E4-48FB-B500-84F0262A717E): 2
LogDevObjectVersion:   Dev-Editor (E4B068ED-F494-42E9-A231-DA0B2E46BB41): 14
LogDevObjectVersion:   Dev-Framework (CFFC743F-43B0-4480-9391-14DF171D2073): 22
LogDevObjectVersion:   Dev-Mobile (B02B49B5-BB20-44E9-A304-32B752E40360): 0
LogDevObjectVersion:   Dev-Networking (A4E4105C-59A1-49B5-A7C5-40C4547EDFEE): 0
LogDevObjectVersion:   Dev-Online (39C831C9-5AE6-47DC-9A44-9C173E1C8E7C): 0
LogDevObjectVersion:   Dev-Physics (78F01B33-EBEA-4F98-B9B4-84EACCB95AA2): 0
LogDevObjectVersion:   Dev-Platform (6631380F-2D4D-43E0-8009-CF276956A95A): 0
LogDevObjectVersion:   Dev-Rendering (12F88B9F-8875-4AFC-A67C-D90C383ABD29): 12
LogDevObjectVersion:   Dev-Sequencer (7B5AE74C-D270-4C10-A958-57980B212A5A): 3
LogDevObjectVersion:   Dev-VR (D7296918-1DD6-4BDD-9DE2-64A83CC13884): 0
LogDevObjectVersion:   Dev-LoadTimes (C2A15278-BFE7-4AFE-6C17-90FF531DF755): 1
LogInit: Compiled (64-bit): Feb 14 2017 02:04:14
LogInit: Compiled with Visual C++: 19.00.23026.00
LogInit: Build Configuration: Development
LogInit: Branch Name: ++UE4+Release-4.15
LogInit: Command line: -EpicPortal 
LogInit: Base directory: E:/Program Files/Epic Games/UE_4.15/Engine/Binaries/Win64/
LogInit: Installed Engine Build: 1
LogInit: Presizing for max 8388607 objects, including 0 objects not considered by GC, pre-allocating 0 bytes for permanent pool.
LogInit: Object subsystem initialized
[2017.03.16-04.08.54:684][  0]LogInit: Selected Device Profile: [Windows]
[2017.03.16-04.08.54:684][  0]LogInit: Applying CVar settings loaded from the selected device profile: [Windows]
[2017.03.16-04.08.54:691][  0]LogInit: Computer: DESKTOP-NF2NAQV
[2017.03.16-04.08.54:691][  0]LogInit: User: neelp
[2017.03.16-04.08.54:691][  0]LogInit: CPU Page size=65536, Cores=4
[2017.03.16-04.08.54:691][  0]LogInit: High frequency timer resolution =3.914065 MHz
[2017.03.16-04.08.54:691][  0]LogMemory: Memory total: Physical=15.9GB (16GB approx)
[2017.03.16-04.08.54:691][  0]LogMemory: Platform Memory Stats for Windows
[2017.03.16-04.08.54:691][  0]LogMemory: Process Physical Memory: 264.52 MB used, 264.52 MB peak
[2017.03.16-04.08.54:691][  0]LogMemory: Process Virtual Memory: 262.66 MB used, 262.66 MB peak
[2017.03.16-04.08.54:691][  0]LogMemory: Physical Memory: 5781.36 MB used,  10541.48 MB free, 16322.84 MB total
[2017.03.16-04.08.54:691][  0]LogMemory: Virtual Memory: 644.46 MB used,  10541.48 MB free, 134217728.00 MB total
[2017.03.16-04.08.54:766][  0]LogTextLocalizationManager: No specific translations for ('en-US') exist, so ('en') translations will be used.
[2017.03.16-04.08.55:548][  0]LogD3D11RHI: D3D11 adapters:
[2017.03.16-04.08.55:999][  0]LogD3D11RHI:    0. 'NVIDIA GeForce GTX 1070' (Feature Level 11_0)
[2017.03.16-04.08.55:999][  0]LogD3D11RHI:       8119/0/8161 MB DedicatedVideo/DedicatedSystem/SharedSystem, Outputs:1, VendorId:0x10de
[2017.03.16-04.08.56:001][  0]LogD3D11RHI:    1. 'Microsoft Basic Render Driver' (Feature Level 11_0)
[2017.03.16-04.08.56:001][  0]LogD3D11RHI:       0/0/8161 MB DedicatedVideo/DedicatedSystem/SharedSystem, Outputs:0, VendorId:0x1414
[2017.03.16-04.08.56:001][  0]LogD3D11RHI: Chosen D3D11 Adapter: 0
[2017.03.16-04.08.56:006][  0]LogD3D11RHI: Creating new Direct3DDevice
[2017.03.16-04.08.56:006][  0]LogD3D11RHI:     GPU DeviceId: 0x1b81 (for the marketing name, search the web for "GPU Device Id")
[2017.03.16-04.08.56:006][  0]LogWindows: EnumDisplayDevices:
[2017.03.16-04.08.56:007][  0]LogWindows:    0. 'NVIDIA GeForce GTX 1070' (P:1 D:1)
[2017.03.16-04.08.56:007][  0]LogWindows:    1. 'NVIDIA GeForce GTX 1070' (P:0 D:0)
[2017.03.16-04.08.56:007][  0]LogWindows:    2. 'NVIDIA GeForce GTX 1070' (P:0 D:0)
[2017.03.16-04.08.56:007][  0]LogWindows:    3. 'NVIDIA GeForce GTX 1070' (P:0 D:0)
[2017.03.16-04.08.56:007][  0]LogWindows: DebugString: FoundDriverCount:4 
[2017.03.16-04.08.56:007][  0]LogD3D11RHI:     Adapter Name: NVIDIA GeForce GTX 1070
[2017.03.16-04.08.56:007][  0]LogD3D11RHI:   Driver Version: 378.78 (internal:21.21.13.7878, unified:378.78)
[2017.03.16-04.08.56:007][  0]LogD3D11RHI:      Driver Date: 2-23-2017
[2017.03.16-04.08.56:007][  0]LogRHI: Texture pool is 1361 MB (70% of 1945 MB)
[2017.03.16-04.08.56:408][  0]LogD3D11RHI: Async texture creation enabled
[2017.03.16-04.08.56:431][  0]LogD3D11RHI: GPU Timing Frequency: 1000.000000 (Debug: 2 1)
[2017.03.16-04.08.56:479][  0]LogShaderCompilers: Guid format shader working directory is -29 characters bigger than the processId version (C:/Users/neelp/Documents/GitHub/LostInTimeAssestShare/LostInTimeAssetShare/Intermediate/Shaders/WorkingDirectory/13192/).
[2017.03.16-04.08.56:479][  0]LogShaderCompilers: Cleaned the shader compiler working directory 'C:/Users/neelp/AppData/Local/Temp/UnrealShaderWorkingDir/F6E9191F4F85095D8FC16AB3489ABA70/'.
[2017.03.16-04.08.56:479][  0]LogShaderCompilers:Display: Using Local Shader Compiler.
[2017.03.16-04.08.57:735][  0]LogTemp:Display: Loaded TP AllDesktopTargetPlatform
[2017.03.16-04.08.57:777][  0]LogTemp:Display: Loaded TP MacClientTargetPlatform
[2017.03.16-04.08.57:821][  0]LogTemp:Display: Loaded TP MacNoEditorTargetPlatform
[2017.03.16-04.08.57:864][  0]LogTemp:Display: Loaded TP MacServerTargetPlatform
[2017.03.16-04.08.57:909][  0]LogTemp:Display: Loaded TP MacTargetPlatform
[2017.03.16-04.08.57:952][  0]LogTemp:Display: Loaded TP WindowsClientTargetPlatform
[2017.03.16-04.08.57:993][  0]LogTemp:Display: Loaded TP WindowsNoEditorTargetPlatform
[2017.03.16-04.08.58:034][  0]LogTemp:Display: Loaded TP WindowsServerTargetPlatform
[2017.03.16-04.08.58:068][  0]LogTemp:Display: Loaded TP WindowsTargetPlatform
[2017.03.16-04.08.58:109][  0]LogTemp:Display: Loaded TP AndroidTargetPlatform
[2017.03.16-04.08.58:149][  0]LogTemp:Display: Loaded TP Android_ASTCTargetPlatform
[2017.03.16-04.08.58:189][  0]LogTemp:Display: Loaded TP Android_ATCTargetPlatform
[2017.03.16-04.08.58:228][  0]LogTemp:Display: Loaded TP Android_DXTTargetPlatform
[2017.03.16-04.08.58:269][  0]LogTemp:Display: Loaded TP Android_ETC1TargetPlatform
[2017.03.16-04.08.58:309][  0]LogTemp:Display: Loaded TP Android_ETC2TargetPlatform
[2017.03.16-04.08.58:390][  0]LogTemp:Display: Loaded TP Android_MultiTargetPlatform
[2017.03.16-04.08.58:390][  0]LogTemp:Display: Loaded TP Android_PVRTCTargetPlatform
[2017.03.16-04.08.58:419][  0]LogTemp:Display: Loaded TP HTML5TargetPlatform
[2017.03.16-04.08.58:495][  0]LogTemp:Display: Loaded TP IOSTargetPlatform
[2017.03.16-04.08.58:518][  0]LogTemp:Display: Loaded TP TVOSTargetPlatform
[2017.03.16-04.08.58:557][  0]LogTemp:Display: Loaded TP LinuxClientTargetPlatform
[2017.03.16-04.08.58:598][  0]LogTemp:Display: Loaded TP LinuxNoEditorTargetPlatform
[2017.03.16-04.08.58:638][  0]LogTemp:Display: Loaded TP LinuxServerTargetPlatform
[2017.03.16-04.08.58:679][  0]LogTemp:Display: Loaded TP LinuxTargetPlatform
[2017.03.16-04.08.58:679][  0]LogTargetPlatformManager:Display: Building Assets For Windows
[2017.03.16-04.08.58:972][  0]LogDerivedDataCache:Display: Max Cache Size: 512 MB
[2017.03.16-04.08.59:007][  0]LogDerivedDataCache: Loaded boot cache 0.03s 50MB C:/Users/neelp/AppData/Local/UnrealEngine/4.15/DerivedDataCache/Boot.ddc.
[2017.03.16-04.08.59:007][  0]LogDerivedDataCache:Display: Loaded Boot cache: C:/Users/neelp/AppData/Local/UnrealEngine/4.15/DerivedDataCache/Boot.ddc
[2017.03.16-04.08.59:007][  0]LogDerivedDataCache: FDerivedDataBackendGraph:  Pak pak cache file C:/Users/neelp/Documents/GitHub/LostInTimeAssestShare/LostInTimeAssetShare/DerivedDataCache/DDC.ddp not found, will not use a pak cache.
[2017.03.16-04.08.59:007][  0]LogDerivedDataCache: Unable to find inner node Pak for hierarchical cache Hierarchy.
[2017.03.16-04.08.59:007][  0]LogDerivedDataCache: FDerivedDataBackendGraph:  CompressedPak pak cache file C:/Users/neelp/Documents/GitHub/LostInTimeAssestShare/LostInTimeAssetShare/DerivedDataCache/Compressed.ddp not found, will not use a pak cache.
[2017.03.16-04.08.59:007][  0]LogDerivedDataCache: Unable to find inner node CompressedPak for hierarchical cache Hierarchy.
[2017.03.16-04.08.59:020][  0]LogDerivedDataCache:Display: Pak cache opened for reading ../../../Engine/DerivedDataCache/Compressed.ddp.
[2017.03.16-04.08.59:032][  0]LogDerivedDataCache: Using Local data cache path C:/Users/neelp/AppData/Local/UnrealEngine/Common/DerivedDataCache: Writable
[2017.03.16-04.08.59:038][  0]LogSlate: Using Freetype 2.6.0
[2017.03.16-04.08.59:040][  0]LogSlate: SlateFontCache - WITH_FREETYPE: 1, WITH_HARFBUZZ: 1
[2017.03.16-04.08.59:040][  0]LogSlate: SlateFontCache - WITH_FREETYPE: 1, WITH_HARFBUZZ: 1
[2017.03.16-04.08.59:299][  0]LogInit: Selected Device Profile: [Windows]
[2017.03.16-04.08.59:301][  0]LogContentStreaming: Texture pool size is 0.00 MB
[2017.03.16-04.08.59:453][  0]LogMeshUtilities: Using QuadricMeshReduction for automatic static mesh reduction
[2017.03.16-04.08.59:484][  0]LogSimplygon: Simplygon DLL not present - disabling.
[2017.03.16-04.08.59:521][  0]LogMeshUtilities: Using SimplygonSwarm for distributed automatic mesh merging
[2017.03.16-04.08.59:521][  0]LogMeshUtilities: No automatic skeletal mesh reduction module available
[2017.03.16-04.08.59:521][  0]LogMeshUtilities: No automatic mesh merging module available
[2017.03.16-04.08.59:921][  0]LogNetVersion: GetLocalNetworkVersion: CL: 3299760, ProjectName: lostintimeassetshare, ProjectVersion: , EngineNetworkVersion: 2, GameNetworkVersion: 0, NetworkChecksum: 2527514137
[2017.03.16-04.08.59:957][  0]LogAssetRegistry: FAssetRegistry took 0.0210 seconds to start up
[2017.03.16-04.08.59:989][  0]LogPackageLocalizationCache: Processed 3 localized package path(s) for 2 prioritized culture(s) in 0.018303 seconds
[2017.03.16-04.08.59:992][  0]LogUObjectArray: 32475 objects as part of root set at end of initial load.
[2017.03.16-04.08.59:992][  0]LogUObjectAllocator: 7073368 out of 0 bytes used by permanent object pool.
[2017.03.16-04.08.59:992][  0]LogUObjectArray: CloseDisregardForGC: 0/0 objects in disregard for GC pool
[2017.03.16-04.09.00:030][  0]LogInit: WinSock: version 1.1 (2.2), MaxSocks=32767, MaxUdp=65467
[2017.03.16-04.09.01:917][  0]LogTcpMessaging: Initializing TcpMessaging bridge
[2017.03.16-04.09.01:961][  0]LogUdpMessaging: Initializing bridge on interface 0.0.0.0:0 to multicast group 230.0.0.1:6666.
[2017.03.16-04.09.02:343][  0]LogMaterial: Uniform references updated for custom material expression Custom.
[2017.03.16-04.09.02:652][  0]SourceControl: Info Source control is disabled
[2017.03.16-04.09.02:683][  0]SourceControl: Info Source control is disabled
[2017.03.16-04.09.02:720][  0]SourceControl: Info Source control is disabled
[2017.03.16-04.09.02:756][  0]SourceControl: Info Source control is disabled
[2017.03.16-04.09.03:713][  0]LogEngine: Initializing Engine...
[2017.03.16-04.09.03:713][  0]LogHMD: Failed to initialize OpenVR with code 110
[2017.03.16-04.09.03:889][  0]LogAIModule: Creating AISystem for world Untitled
[2017.03.16-04.09.03:896][  0]LogInit: XAudio2 using 'Speakers (Realtek High Definition Audio)' : 6 channels at 48 kHz using 32 bits per sample (channel mask 0x3f)
[2017.03.16-04.09.03:913][  0]LogInit: FAudioDevice initialized.
[2017.03.16-04.09.03:932][  0]LogDerivedDataCache: Saved boot cache 0.02s 50MB C:/Users/neelp/AppData/Local/UnrealEngine/4.15/DerivedDataCache/Boot.ddc.
[2017.03.16-04.09.03:936][  0]LogInit: Texture streaming: Enabled
[2017.03.16-04.09.03:992][  0]LogEngineSessionManager: EngineSessionManager initialized
[2017.03.16-04.09.04:060][  0]LogInit: Transaction tracking system initialized
[2017.03.16-04.09.04:310][  0]BlueprintLog: New page: Editor Load
[2017.03.16-04.09.04:996][  0]LocalizationService: Info Localization service is disabled
[2017.03.16-04.09.05:509][  0]LogConsoleResponse:Display: 
[2017.03.16-04.09.05:602][  0]LogCook:Display: Max memory allowance for cook 16384mb min free memory 0mb
[2017.03.16-04.09.05:602][  0]LogCook:Display: Mobile HDR setting 1
[2017.03.16-04.09.05:639][  0]LogFileCache: Scanning file cache for directory 'C:/Users/neelp/Documents/GitHub/LostInTimeAssestShare/LostInTimeAssetShare/Content/' took 0.01s
[2017.03.16-04.09.06:377][  0]SourceControl: Info Source control is disabled
[2017.03.16-04.09.06:378][  0]LogFactory: FactoryCreateFile: PackFactory with PackFactory (0 0 E:/Program Files/Epic Games/UE_4.15/FeaturePacks/StarterContent.upack)
[2017.03.16-04.09.06:384][  0]LogPackFactory: Finished extracting 8 files (including 0 errors).
[2017.03.16-04.09.06:385][  0]LogPackFactory: Copied "../../../Samples/StarterContent/Content/StarterContent/Architecture/Floor_400x400.uasset" to "C:/Users/neelp/Documents/GitHub/LostInTimeAssestShare/LostInTimeAssetShare/Content/StarterContent/Architecture/Floor_400x400.uasset"
[2017.03.16-04.09.06:386][  0]LogPackFactory: Copied "../../../Samples/StarterContent/Content/StarterContent/Architecture/Pillar_50x500.uasset" to "C:/Users/neelp/Documents/GitHub/LostInTimeAssestShare/LostInTimeAssetShare/Content/StarterContent/Architecture/Pillar_50x500.uasset"
[2017.03.16-04.09.06:388][  0]LogPackFactory: Copied "../../../Samples/StarterContent/Content/StarterContent/Architecture/SM_AssetPlatform.uasset" to "C:/Users/neelp/Documents/GitHub/LostInTimeAssestShare/LostInTimeAssetShare/Content/StarterContent/Architecture/SM_AssetPlatform.uasset"
[2017.03.16-04.09.06:389][  0]LogPackFactory: Copied "../../../Samples/StarterContent/Content/StarterContent/Architecture/Wall_400x200.uasset" to "C:/Users/neelp/Documents/GitHub/LostInTimeAssestShare/LostInTimeAssetShare/Content/StarterContent/Architecture/Wall_400x200.uasset"
[2017.03.16-04.09.06:390][  0]LogPackFactory: Copied "../../../Samples/StarterContent/Content/StarterContent/Architecture/Wall_400x300.uasset" to "C:/Users/neelp/Documents/GitHub/LostInTimeAssestShare/LostInTimeAssetShare/Content/StarterContent/Architecture/Wall_400x300.uasset"
[2017.03.16-04.09.06:391][  0]LogPackFactory: Copied "../../../Samples/StarterContent/Content/StarterContent/Architecture/Wall_400x400.uasset" to "C:/Users/neelp/Documents/GitHub/LostInTimeAssestShare/LostInTimeAssetShare/Content/StarterContent/Architecture/Wall_400x400.uasset"
[2017.03.16-04.09.06:391][  0]LogPackFactory: Copied "../../../Samples/StarterContent/Content/StarterContent/Architecture/Wall_500x500.uasset" to "C:/Users/neelp/Documents/GitHub/LostInTimeAssestShare/LostInTimeAssetShare/Content/StarterContent/Architecture/Wall_500x500.uasset"
[2017.03.16-04.09.06:392][  0]LogPackFactory: Copied "../../../Samples/StarterContent/Content/StarterContent/Architecture/Wall_Door_400x300.uasset" to "C:/Users/neelp/Documents/GitHub/LostInTimeAssestShare/LostInTimeAssetShare/Content/StarterContent/Architecture/Wall_Door_400x300.uasset"
[2017.03.16-04.09.06:393][  0]LogPackFactory: Copied "../../../Samples/StarterContent/Content/StarterContent/Architecture/Wall_Door_400x400.uasset" to "C:/Users/neelp/Documents/GitHub/LostInTimeAssestShare/LostInTimeAssetShare/Content/StarterContent/Architecture/Wall_Door_400x400.uasset"
[2017.03.16-04.09.06:393][  0]LogPackFactory: Copied "../../../Samples/StarterContent/Content/StarterContent/Architecture/Wall_Window_400x300.uasset" to "C:/Users/neelp/Documents/GitHub/LostInTimeAssestShare/LostInTimeAssetShare/Content/StarterContent/Architecture/Wall_Window_400x300.uasset"
[2017.03.16-04.09.06:394][  0]LogPackFactory: Copied "../../../Samples/StarterContent/Content/StarterContent/Architecture/Wall_Window_400x400.uasset" to "C:/Users/neelp/Documents/GitHub/LostInTimeAssestShare/LostInTimeAssetShare/Content/StarterContent/Architecture/Wall_Window_400x400.uasset"
[2017.03.16-04.09.06:395][  0]LogPackFactory: Copied "../../../Samples/StarterContent/Content/StarterContent/Audio/Collapse01.uasset" to "C:/Users/neelp/Documents/GitHub/LostInTimeAssestShare/LostInTimeAssetShare/Content/StarterContent/Audio/Collapse01.uasset"
[2017.03.16-04.09.06:396][  0]LogPackFactory: Copied "../../../Samples/StarterContent/Content/StarterContent/Audio/Collapse02.uasset" to "C:/Users/neelp/Documents/GitHub/LostInTimeAssestShare/LostInTimeAssetShare/Content/StarterContent/Audio/Collapse02.uasset"
[2017.03.16-04.09.06:397][  0]LogPackFactory: Copied "../../../Samples/StarterContent/Content/StarterContent/Audio/Collapse_Cue.uasset" to "C:/Users/neelp/Documents/GitHub/LostInTimeAssestShare/LostInTimeAssetShare/Content/StarterContent/Audio/Collapse_Cue.uasset"
[2017.03.16-04.09.06:398][  0]LogPackFactory: Copied "../../../Samples/StarterContent/Content/StarterContent/Audio/Explosion01.uasset" to "C:/Users/neelp/Documents/GitHub/LostInTimeAssestShare/LostInTimeAssetShare/Content/StarterContent/Audio/Explosion01.uasset"
[2017.03.16-04.09.06:399][  0]LogPackFactory: Copied "../../../Samples/StarterContent/Content/StarterContent/Audio/Explosion02.uasset" to "C:/Users/neelp/Documents/GitHub/LostInTimeAssestShare/LostInTimeAssetShare/Content/StarterContent/Audio/Explosion02.uasset"
[2017.03.16-04.09.06:400][  0]LogPackFactory: Copied "../../../Samples/StarterContent/Content/StarterContent/Audio/Explosion_Cue.uasset" to "C:/Users/neelp/Documents/GitHub/LostInTimeAssestShare/LostInTimeAssetShare/Content/StarterContent/Audio/Explosion_Cue.uasset"
[2017.03.16-04.09.06:401][  0]LogPackFactory: Copied "../../../Samples/StarterContent/Content/StarterContent/Audio/Fire01.uasset" to "C:/Users/neelp/Documents/GitHub/LostInTimeAssestShare/LostInTimeAssetShare/Content/StarterContent/Audio/Fire01.uasset"
[2017.03.16-04.09.06:402][  0]LogPackFactory: Copied "../../../Samples/StarterContent/Content/StarterContent/Audio/Fire01_Cue.uasset" to "C:/Users/neelp/Documents/GitHub/LostInTimeAssestShare/LostInTimeAssetShare/Content/StarterContent/Audio/Fire01_Cue.uasset"
[2017.03.16-04.09.06:403][  0]LogPackFactory: Copied "../../../Samples/StarterContent/Content/StarterContent/Audio/Fire_Sparks01.uasset" to "C:/Users/neelp/Documents/GitHub/LostInTimeAssestShare/LostInTimeAssetShare/Content/StarterContent/Audio/Fire_Sparks01.uasset"
[2017.03.16-04.09.06:404][  0]LogPackFactory: Copied "../../../Samples/StarterContent/Content/StarterContent/Audio/Fire_Sparks01_Cue.uasset" to "C:/Users/neelp/Documents/GitHub/LostInTimeAssestShare/LostInTimeAssetShare/Content/StarterContent/Audio/Fire_Sparks01_Cue.uasset"
[2017.03.16-04.09.06:405][  0]LogPackFactory: Copied "../../../Samples/StarterContent/Content/StarterContent/Audio/Light01.uasset" to "C:/Users/neelp/Documents/GitHub/LostInTimeAssestShare/LostInTimeAssetShare/Content/StarterContent/Audio/Light01.uasset"
[2017.03.16-04.09.06:406][  0]LogPackFactory: Copied "../../../Samples/StarterContent/Content/StarterContent/Audio/Light01_Cue.uasset" to "C:/Users/neelp/Documents/GitHub/LostInTimeAssestShare/LostInTimeAssetShare/Content/StarterContent/Audio/Light01_Cue.uasset"
[2017.03.16-04.09.06:407][  0]LogPackFactory: Copied "../../../Samples/StarterContent/Content/StarterContent/Audio/Light02.uasset" to "C:/Users/neelp/Documents/GitHub/LostInTimeAssestShare/LostInTimeAssetShare/Content/StarterContent/Audio/Light02.uasset"
[2017.03.16-04.09.06:407][  0]LogPackFactory: Copied "../../../Samples/StarterContent/Content/StarterContent/Audio/Light02_Cue.uasset" to "C:/Users/neelp/Documents/GitHub/LostInTimeAssestShare/LostInTimeAssetShare/Content/StarterContent/Audio/Light02_Cue.uasset"
[2017.03.16-04.09.06:408][  0]LogPackFactory: Copied "../../../Samples/StarterContent/Content/StarterContent/Audio/Smoke01.uasset" to "C:/Users/neelp/Documents/GitHub/LostInTimeAssestShare/LostInTimeAssetShare/Content/StarterContent/Audio/Smoke01.uasset"
[2017.03.16-04.09.06:409][  0]LogPackFactory: Copied "../../../Samples/StarterContent/Content/StarterContent/Audio/Smoke01_Cue.uasset" to "C:/Users/neelp/Documents/GitHub/LostInTimeAssestShare/LostInTimeAssetShare/Content/StarterContent/Audio/Smoke01_Cue.uasset"
[2017.03.16-04.09.06:410][  0]LogPackFactory: Copied "../../../Samples/StarterContent/Content/StarterContent/Audio/Starter_Background_Cue.uasset" to "C:/Users/neelp/Documents/GitHub/LostInTimeAssestShare/LostInTimeAssetShare/Content/StarterContent/Audio/Starter_Background_Cue.uasset"
[2017.03.16-04.09.06:412][  0]LogPackFactory: Copied "../../../Samples/StarterContent/Content/StarterContent/Audio/Starter_Birds01.uasset" to "C:/Users/neelp/Documents/GitHub/LostInTimeAssestShare/LostInTimeAssetShare/Content/StarterContent/Audio/Starter_Birds01.uasset"
[2017.03.16-04.09.06:416][  0]LogPackFactory: Copied "../../../Samples/StarterContent/Content/StarterContent/Audio/Starter_Music01.uasset" to "C:/Users/neelp/Documents/GitHub/LostInTimeAssestShare/LostInTimeAssetShare/Content/StarterContent/Audio/Starter_Music01.uasset"
[2017.03.16-04.09.06:417][  0]LogPackFactory: Copied "../../../Samples/StarterContent/Content/StarterContent/Audio/Starter_Music_Cue.uasset" to "C:/Users/neelp/Documents/GitHub/LostInTimeAssestShare/LostInTimeAssetShare/Content/StarterContent/Audio/Starter_Music_Cue.uasset"
[2017.03.16-04.09.06:419][  0]LogPackFactory: Copied "../../../Samples/StarterContent/Content/StarterContent/Audio/Starter_Wind05.uasset" to "C:/Users/neelp/Documents/GitHub/LostInTimeAssestShare/LostInTimeAssetShare/Content/StarterContent/Audio/Starter_Wind05.uasset"
[2017.03.16-04.09.06:421][  0]LogPackFactory: Copied "../../../Samples/StarterContent/Content/StarterContent/Audio/Starter_Wind06.uasset" to "C:/Users/neelp/Documents/GitHub/LostInTimeAssestShare/LostInTimeAssetShare/Content/StarterContent/Audio/Starter_Wind06.uasset"
[2017.03.16-04.09.06:422][  0]LogPackFactory: Copied "../../../Samples/StarterContent/Content/StarterContent/Audio/Steam01.uasset" to "C:/Users/neelp/Documents/GitHub/LostInTimeAssestShare/LostInTimeAssetShare/Content/StarterContent/Audio/Steam01.uasset"
[2017.03.16-04.09.06:423][  0]LogPackFactory: Copied "../../../Samples/StarterContent/Content/StarterContent/Audio/Steam01_Cue.uasset" to "C:/Users/neelp/Documents/GitHub/LostInTimeAssestShare/LostInTimeAssetShare/Content/StarterContent/Audio/Steam01_Cue.uasset"
[2017.03.16-04.09.06:424][  0]LogPackFactory: Copied "../../../Samples/StarterContent/Content/StarterContent/Blueprints/Blueprint_CeilingLight.uasset" to "C:/Users/neelp/Documents/GitHub/LostInTimeAssestShare/LostInTimeAssetShare/Content/StarterContent/Blueprints/Blueprint_CeilingLight.uasset"
[2017.03.16-04.09.06:425][  0]LogPackFactory: Copied "../../../Samples/StarterContent/Content/StarterContent/Blueprints/Blueprint_Effect_Explosion.uasset" to "C:/Users/neelp/Documents/GitHub/LostInTimeAssestShare/LostInTimeAssetShare/Content/StarterContent/Blueprints/Blueprint_Effect_Explosion.uasset"
[2017.03.16-04.09.06:425][  0]LogPackFactory: Copied "../../../Samples/StarterContent/Content/StarterContent/Blueprints/Blueprint_Effect_Fire.uasset" to "C:/Users/neelp/Documents/GitHub/LostInTimeAssestShare/LostInTimeAssetShare/Content/StarterContent/Blueprints/Blueprint_Effect_Fire.uasset"
[2017.03.16-04.09.06:426][  0]LogPackFactory: Copied "../../../Samples/StarterContent/Content/StarterContent/Blueprints/Blueprint_Effect_Smoke.uasset" to "C:/Users/neelp/Documents/GitHub/LostInTimeAssestShare/LostInTimeAssetShare/Content/StarterContent/Blueprints/Blueprint_Effect_Smoke.uasset"
[2017.03.16-04.09.06:427][  0]LogPackFactory: Copied "../../../Samples/StarterContent/Content/StarterContent/Blueprints/Blueprint_Effect_Sparks.uasset" to "C:/Users/neelp/Documents/GitHub/LostInTimeAssestShare/LostInTimeAssetShare/Content/StarterContent/Blueprints/Blueprint_Effect_Sparks.uasset"
[2017.03.16-04.09.06:428][  0]LogPackFactory: Copied "../../../Samples/StarterContent/Content/StarterContent/Blueprints/Blueprint_Effect_Steam.uasset" to "C:/Users/neelp/Documents/GitHub/LostInTimeAssestShare/LostInTimeAssetShare/Content/StarterContent/Blueprints/Blueprint_Effect_Steam.uasset"
[2017.03.16-04.09.06:428][  0]LogPackFactory: Copied "../../../Samples/StarterContent/Content/StarterContent/Blueprints/Blueprint_WallSconce.uasset" to "C:/Users/neelp/Documents/GitHub/LostInTimeAssestShare/LostInTimeAssetShare/Content/StarterContent/Blueprints/Blueprint_WallSconce.uasset"
[2017.03.16-04.09.06:429][  0]LogPackFactory: Copied "../../../Samples/StarterContent/Content/StarterContent/Blueprints/BP_LightStudio.uasset" to "C:/Users/neelp/Documents/GitHub/LostInTimeAssestShare/LostInTimeAssetShare/Content/StarterContent/Blueprints/BP_LightStudio.uasset"
[2017.03.16-04.09.06:430][  0]LogPackFactory: Copied "../../../Samples/StarterContent/Content/StarterContent/Blueprints/Assets/FogBrightnessLUT.uasset" to "C:/Users/neelp/Documents/GitHub/LostInTimeAssestShare/LostInTimeAssetShare/Content/StarterContent/Blueprints/Assets/FogBrightnessLUT.uasset"
[2017.03.16-04.09.06:431][  0]LogPackFactory: Copied "../../../Samples/StarterContent/Content/StarterContent/Blueprints/Assets/M_LightStage_Arrows.uasset" to "C:/Users/neelp/Documents/GitHub/LostInTimeAssestShare/LostInTimeAssetShare/Content/StarterContent/Blueprints/Assets/M_LightStage_Arrows.uasset"
[2017.03.16-04.09.06:432][  0]LogPackFactory: Copied "../../../Samples/StarterContent/Content/StarterContent/Blueprints/Assets/M_LightStage_Skybox_Black.uasset" to "C:/Users/neelp/Documents/GitHub/LostInTimeAssestShare/LostInTimeAssetShare/Content/StarterContent/Blueprints/Assets/M_LightStage_Skybox_Black.uasset"
[2017.03.16-04.09.06:433][  0]LogPackFactory: Copied "../../../Samples/StarterContent/Content/StarterContent/Blueprints/Assets/M_LightStage_Skybox_HDRI.uasset" to "C:/Users/neelp/Documents/GitHub/LostInTimeAssestShare/LostInTimeAssetShare/Content/StarterContent/Blueprints/Assets/M_LightStage_Skybox_HDRI.uasset"
[2017.03.16-04.09.06:434][  0]LogPackFactory: Copied "../../../Samples/StarterContent/Content/StarterContent/Blueprints/Assets/M_LightStage_Skybox_Master.uasset" to "C:/Users/neelp/Documents/GitHub/LostInTimeAssestShare/LostInTimeAssetShare/Content/StarterContent/Blueprints/Assets/M_LightStage_Skybox_Master.uasset"
[2017.03.16-04.09.06:435][  0]LogPackFactory: Copied "../../../Samples/StarterContent/Content/StarterContent/Blueprints/Assets/Skybox.uasset" to "C:/Users/neelp/Documents/GitHub/LostInTimeAssestShare/LostInTimeAssetShare/Content/StarterContent/Blueprints/Assets/Skybox.uasset"
[2017.03.16-04.09.06:437][  0]LogPackFactory: Copied "../../../Samples/StarterContent/Content/StarterContent/Blueprints/Assets/SM_Arrows.uasset" to "C:/Users/neelp/Documents/GitHub/LostInTimeAssestShare/LostInTimeAssetShare/Content/StarterContent/Blueprints/Assets/SM_Arrows.uasset"
[2017.03.16-04.09.06:437][  0]LogPackFactory: Copied "../../../Samples/StarterContent/Content/StarterContent/Blueprints/Assets/SunlightColorLUT.uasset" to "C:/Users/neelp/Documents/GitHub/LostInTimeAssestShare/LostInTimeAssetShare/Content/StarterContent/Blueprints/Assets/SunlightColorLUT.uasset"
[2017.03.16-04.09.06:465][  0]LogPackFactory: Copied "../../../Samples/StarterContent/Content/StarterContent/HDRI/HDRI_Epic_Courtyard_Daylight.uasset" to "C:/Users/neelp/Documents/GitHub/LostInTimeAssestShare/LostInTimeAssetShare/Content/StarterContent/HDRI/HDRI_Epic_Courtyard_Daylight.uasset"
[2017.03.16-04.09.06:466][  0]LogPackFactory: Copied "../../../Samples/StarterContent/Content/StarterContent/Maps/Advanced_Lighting.umap" to "C:/Users/neelp/Documents/GitHub/LostInTimeAssestShare/LostInTimeAssetShare/Content/StarterContent/Maps/Advanced_Lighting.umap"
[2017.03.16-04.09.06:467][  0]LogPackFactory: Copied "../../../Samples/StarterContent/Content/StarterContent/Maps/Advanced_Lighting_BuiltData.uasset" to "C:/Users/neelp/Documents/GitHub/LostInTimeAssestShare/LostInTimeAssetShare/Content/StarterContent/Maps/Advanced_Lighting_BuiltData.uasset"
[2017.03.16-04.09.06:469][  0]LogPackFactory: Copied "../../../Samples/StarterContent/Content/StarterContent/Maps/Minimal_Default.umap" to "C:/Users/neelp/Documents/GitHub/LostInTimeAssestShare/LostInTimeAssetShare/Content/StarterContent/Maps/Minimal_Default.umap"
[2017.03.16-04.09.06:470][  0]LogPackFactory: Copied "../../../Samples/StarterContent/Content/StarterContent/Maps/Minimal_Default_BuiltData.uasset" to "C:/Users/neelp/Documents/GitHub/LostInTimeAssestShare/LostInTimeAssetShare/Content/StarterContent/Maps/Minimal_Default_BuiltData.uasset"
[2017.03.16-04.09.06:472][  0]LogPackFactory: Copied "../../../Samples/StarterContent/Content/StarterContent/Maps/StarterMap.umap" to "C:/Users/neelp/Documents/GitHub/LostInTimeAssestShare/LostInTimeAssetShare/Content/StarterContent/Maps/StarterMap.umap"
[2017.03.16-04.09.06:478][  0]LogPackFactory: Copied "../../../Samples/StarterContent/Content/StarterContent/Maps/StarterMap_BuiltData.uasset" to "C:/Users/neelp/Documents/GitHub/LostInTimeAssestShare/LostInTimeAssetShare/Content/StarterContent/Maps/StarterMap_BuiltData.uasset"
[2017.03.16-04.09.06:479][  0]LogPackFactory: Copied "../../../Samples/StarterContent/Content/StarterContent/Materials/M_AssetPlatform.uasset" to "C:/Users/neelp/Documents/GitHub/LostInTimeAssestShare/LostInTimeAssetShare/Content/StarterContent/Materials/M_AssetPlatform.uasset"
[2017.03.16-04.09.06:479][  0]LogPackFactory: Copied "../../../Samples/StarterContent/Content/StarterContent/Materials/M_Basic_Floor.uasset" to "C:/Users/neelp/Documents/GitHub/LostInTimeAssestShare/LostInTimeAssetShare/Content/StarterContent/Materials/M_Basic_Floor.uasset"
[2017.03.16-04.09.06:480][  0]LogPackFactory: Copied "../../../Samples/StarterContent/Content/StarterContent/Materials/M_Basic_Wall.uasset" to "C:/Users/neelp/Documents/GitHub/LostInTimeAssestShare/LostInTimeAssetShare/Content/StarterContent/Materials/M_Basic_Wall.uasset"
[2017.03.16-04.09.06:481][  0]LogPackFactory: Copied "../../../Samples/StarterContent/Content/StarterContent/Materials/M_Brick_Clay_Beveled.uasset" to "C:/Users/neelp/Documents/GitHub/LostInTimeAssestShare/LostInTimeAssetShare/Content/StarterContent/Materials/M_Brick_Clay_Beveled.uasset"
[2017.03.16-04.09.06:482][  0]LogPackFactory: Copied "../../../Samples/StarterContent/Content/StarterContent/Materials/M_Brick_Clay_New.uasset" to "C:/Users/neelp/Documents/GitHub/LostInTimeAssestShare/LostInTimeAssetShare/Content/StarterContent/Materials/M_Brick_Clay_New.uasset"
[2017.03.16-04.09.06:483][  0]LogPackFactory: Copied "../../../Samples/StarterContent/Content/StarterContent/Materials/M_Brick_Clay_Old.uasset" to "C:/Users/neelp/Documents/GitHub/LostInTimeAssestShare/LostInTimeAssetShare/Content/StarterContent/Materials/M_Brick_Clay_Old.uasset"
[2017.03.16-04.09.06:484][  0]LogPackFactory: Copied "../../../Samples/StarterContent/Content/StarterContent/Materials/M_Brick_Cut_Stone.uasset" to "C:/Users/neelp/Documents/GitHub/LostInTimeAssestShare/LostInTimeAssetShare/Content/StarterContent/Materials/M_Brick_Cut_Stone.uasset"
[2017.03.16-04.09.06:485][  0]LogPackFactory: Copied "../../../Samples/StarterContent/Content/StarterContent/Materials/M_Brick_Hewn_Stone.uasset" to "C:/Users/neelp/Documents/GitHub/LostInTimeAssestShare/LostInTimeAssetShare/Content/StarterContent/Materials/M_Brick_Hewn_Stone.uasset"
[2017.03.16-04.09.06:486][  0]LogPackFactory: Copied "../../../Samples/StarterContent/Content/StarterContent/Materials/M_Ceramic_Tile_Checker.uasset" to "C:/Users/neelp/Documents/GitHub/LostInTimeAssestShare/LostInTimeAssetShare/Content/StarterContent/Materials/M_Ceramic_Tile_Checker.uasset"
[2017.03.16-04.09.06:486][  0]LogPackFactory: Copied "../../../Samples/StarterContent/Content/StarterContent/Materials/M_CobbleStone_Pebble.uasset" to "C:/Users/neelp/Documents/GitHub/LostInTimeAssestShare/LostInTimeAssetShare/Content/StarterContent/Materials/M_CobbleStone_Pebble.uasset"
[2017.03.16-04.09.06:487][  0]LogPackFactory: Copied "../../../Samples/StarterContent/Content/StarterContent/Materials/M_CobbleStone_Rough.uasset" to "C:/Users/neelp/Documents/GitHub/LostInTimeAssestShare/LostInTimeAssetShare/Content/StarterContent/Materials/M_CobbleStone_Rough.uasset"
[2017.03.16-04.09.06:488][  0]LogPackFactory: Copied "../../../Samples/StarterContent/Content/StarterContent/Materials/M_CobbleStone_Smooth.uasset" to "C:/Users/neelp/Documents/GitHub/LostInTimeAssestShare/LostInTimeAssetShare/Content/StarterContent/Materials/M_CobbleStone_Smooth.uasset"
[2017.03.16-04.09.06:489][  0]LogPackFactory: Copied "../../../Samples/StarterContent/Content/StarterContent/Materials/M_ColorGrid_LowSpec.uasset" to "C:/Users/neelp/Documents/GitHub/LostInTimeAssestShare/LostInTimeAssetShare/Content/StarterContent/Materials/M_ColorGrid_LowSpec.uasset"
[2017.03.16-04.09.06:490][  0]LogPackFactory: Copied "../../../Samples/StarterContent/Content/StarterContent/Materials/M_Concrete_Grime.uasset" to "C:/Users/neelp/Documents/GitHub/LostInTimeAssestShare/LostInTimeAssetShare/Content/StarterContent/Materials/M_Concrete_Grime.uasset"
[2017.03.16-04.09.06:490][  0]LogPackFactory: Copied "../../../Samples/StarterContent/Content/StarterContent/Materials/M_Concrete_Panels.uasset" to "C:/Users/neelp/Documents/GitHub/LostInTimeAssestShare/LostInTimeAssetShare/Content/StarterContent/Materials/M_Concrete_Panels.uasset"
[2017.03.16-04.09.06:491][  0]LogPackFactory: Copied "../../../Samples/StarterContent/Content/StarterContent/Materials/M_Concrete_Poured.uasset" to "C:/Users/neelp/Documents/GitHub/LostInTimeAssestShare/LostInTimeAssetShare/Content/StarterContent/Materials/M_Concrete_Poured.uasset"
[2017.03.16-04.09.06:492][  0]LogPackFactory: Copied "../../../Samples/StarterContent/Content/StarterContent/Materials/M_Concrete_Tiles.uasset" to "C:/Users/neelp/Documents/GitHub/LostInTimeAssestShare/LostInTimeAssetShare/Content/StarterContent/Materials/M_Concrete_Tiles.uasset"
[2017.03.16-04.09.06:493][  0]LogPackFactory: Copied "../../../Samples/StarterContent/Content/StarterContent/Materials/M_Glass.uasset" to "C:/Users/neelp/Documents/GitHub/LostInTimeAssestShare/LostInTimeAssetShare/Content/StarterContent/Materials/M_Glass.uasset"
[2017.03.16-04.09.06:494][  0]LogPackFactory: Copied "../../../Samples/StarterContent/Content/StarterContent/Materials/M_Ground_Grass.uasset" to "C:/Users/neelp/Documents/GitHub/LostInTimeAssestShare/LostInTimeAssetShare/Content/StarterContent/Materials/M_Ground_Grass.uasset"
[2017.03.16-04.09.06:495][  0]LogPackFactory: Copied "../../../Samples/StarterContent/Content/StarterContent/Materials/M_Ground_Gravel.uasset" to "C:/Users/neelp/Documents/GitHub/LostInTimeAssestShare/LostInTimeAssetShare/Content/StarterContent/Materials/M_Ground_Gravel.uasset"
[2017.03.16-04.09.06:496][  0]LogPackFactory: Copied "../../../Samples/StarterContent/Content/StarterContent/Materials/M_Ground_Moss.uasset" to "C:/Users/neelp/Documents/GitHub/LostInTimeAssestShare/LostInTimeAssetShare/Content/StarterContent/Materials/M_Ground_Moss.uasset"
[2017.03.16-04.09.06:497][  0]LogPackFactory: Copied "../../../Samples/StarterContent/Content/StarterContent/Materials/M_Metal_Brushed_Nickel.uasset" to "C:/Users/neelp/Documents/GitHub/LostInTimeAssestShare/LostInTimeAssetShare/Content/StarterContent/Materials/M_Metal_Brushed_Nickel.uasset"
[2017.03.16-04.09.06:498][  0]LogPackFactory: Copied "../../../Samples/StarterContent/Content/StarterContent/Materials/M_Metal_Burnished_Steel.uasset" to "C:/Users/neelp/Documents/GitHub/LostInTimeAssestShare/LostInTimeAssetShare/Content/StarterContent/Materials/M_Metal_Burnished_Steel.uasset"
[2017.03.16-04.09.06:498][  0]LogPackFactory: Copied "../../../Samples/StarterContent/Content/StarterContent/Materials/M_Metal_Chrome.uasset" to "C:/Users/neelp/Documents/GitHub/LostInTimeAssestShare/LostInTimeAssetShare/Content/StarterContent/Materials/M_Metal_Chrome.uasset"
[2017.03.16-04.09.06:499][  0]LogPackFactory: Copied "../../../Samples/StarterContent/Content/StarterContent/Materials/M_Metal_Copper.uasset" to "C:/Users/neelp/Documents/GitHub/LostInTimeAssestShare/LostInTimeAssetShare/Content/StarterContent/Materials/M_Metal_Copper.uasset"
[2017.03.16-04.09.06:500][  0]LogPackFactory: Copied "../../../Samples/StarterContent/Content/StarterContent/Materials/M_Metal_Gold.uasset" to "C:/Users/neelp/Documents/GitHub/LostInTimeAssestShare/LostInTimeAssetShare/Content/StarterContent/Materials/M_Metal_Gold.uasset"
[2017.03.16-04.09.06:501][  0]LogPackFactory: Copied "../../../Samples/StarterContent/Content/StarterContent/Materials/M_Metal_Rust.uasset" to "C:/Users/neelp/Documents/GitHub/LostInTimeAssestShare/LostInTimeAssetShare/Content/StarterContent/Materials/M_Metal_Rust.uasset"
[2017.03.16-04.09.06:502][  0]LogPackFactory: Copied "../../../Samples/StarterContent/Content/StarterContent/Materials/M_Metal_Steel.uasset" to "C:/Users/neelp/Documents/GitHub/LostInTimeAssestShare/LostInTimeAssetShare/Content/StarterContent/Materials/M_Metal_Steel.uasset"
[2017.03.16-04.09.06:503][  0]LogPackFactory: Copied "../../../Samples/StarterContent/Content/StarterContent/Materials/M_Rock_Basalt.uasset" to "C:/Users/neelp/Documents/GitHub/LostInTimeAssestShare/LostInTimeAssetShare/Content/StarterContent/Materials/M_Rock_Basalt.uasset"
[2017.03.16-04.09.06:504][  0]LogPackFactory: Copied "../../../Samples/StarterContent/Content/StarterContent/Materials/M_Rock_Marble_Polished.uasset" to "C:/Users/neelp/Documents/GitHub/LostInTimeAssestShare/LostInTimeAssetShare/Content/StarterContent/Materials/M_Rock_Marble_Polished.uasset"
[2017.03.16-04.09.06:505][  0]LogPackFactory: Copied "../../../Samples/StarterContent/Content/StarterContent/Materials/M_Rock_Sandstone.uasset" to "C:/Users/neelp/Documents/GitHub/LostInTimeAssestShare/LostInTimeAssetShare/Content/StarterContent/Materials/M_Rock_Sandstone.uasset"
[2017.03.16-04.09.06:506][  0]LogPackFactory: Copied "../../../Samples/StarterContent/Content/StarterContent/Materials/M_Rock_Slate.uasset" to "C:/Users/neelp/Documents/GitHub/LostInTimeAssestShare/LostInTimeAssetShare/Content/StarterContent/Materials/M_Rock_Slate.uasset"
[2017.03.16-04.09.06:507][  0]LogPackFactory: Copied "../../../Samples/StarterContent/Content/StarterContent/Materials/M_Tech_Checker_Dot.uasset" to "C:/Users/neelp/Documents/GitHub/LostInTimeAssestShare/LostInTimeAssetShare/Content/StarterContent/Materials/M_Tech_Checker_Dot.uasset"
[2017.03.16-04.09.06:508][  0]LogPackFactory: Copied "../../../Samples/StarterContent/Content/StarterContent/Materials/M_Tech_Hex_Tile.uasset" to "C:/Users/neelp/Documents/GitHub/LostInTimeAssestShare/LostInTimeAssetShare/Content/StarterContent/Materials/M_Tech_Hex_Tile.uasset"
[2017.03.16-04.09.06:508][  0]LogPackFactory: Copied "../../../Samples/StarterContent/Content/StarterContent/Materials/M_Tech_Hex_Tile_Pulse.uasset" to "C:/Users/neelp/Documents/GitHub/LostInTimeAssestShare/LostInTimeAssetShare/Content/StarterContent/Materials/M_Tech_Hex_Tile_Pulse.uasset"
[2017.03.16-04.09.06:509][  0]LogPackFactory: Copied "../../../Samples/StarterContent/Content/StarterContent/Materials/M_Tech_Panel.uasset" to "C:/Users/neelp/Documents/GitHub/LostInTimeAssestShare/LostInTimeAssetShare/Content/StarterContent/Materials/M_Tech_Panel.uasset"
[2017.03.16-04.09.06:510][  0]LogPackFactory: Copied "../../../Samples/StarterContent/Content/StarterContent/Materials/M_Water_Lake.uasset" to "C:/Users/neelp/Documents/GitHub/LostInTimeAssestShare/LostInTimeAssetShare/Content/StarterContent/Materials/M_Water_Lake.uasset"
[2017.03.16-04.09.06:511][  0]LogPackFactory: Copied "../../../Samples/StarterContent/Content/StarterContent/Materials/M_Water_Ocean.uasset" to "C:/Users/neelp/Documents/GitHub/LostInTimeAssestShare/LostInTimeAssetShare/Content/StarterContent/Materials/M_Water_Ocean.uasset"
[2017.03.16-04.09.06:512][  0]LogPackFactory: Copied "../../../Samples/StarterContent/Content/StarterContent/Materials/M_Wood_Floor_Walnut_Polished.uasset" to "C:/Users/neelp/Documents/GitHub/LostInTimeAssestShare/LostInTimeAssetShare/Content/StarterContent/Materials/M_Wood_Floor_Walnut_Polished.uasset"
[2017.03.16-04.09.06:512][  0]LogPackFactory: Copied "../../../Samples/StarterContent/Content/StarterContent/Materials/M_Wood_Floor_Walnut_Worn.uasset" to "C:/Users/neelp/Documents/GitHub/LostInTimeAssestShare/LostInTimeAssetShare/Content/StarterContent/Materials/M_Wood_Floor_Walnut_Worn.uasset"
[2017.03.16-04.09.06:513][  0]LogPackFactory: Copied "../../../Samples/StarterContent/Content/StarterContent/Materials/M_Wood_Oak.uasset" to "C:/Users/neelp/Documents/GitHub/LostInTimeAssestShare/LostInTimeAssetShare/Content/StarterContent/Materials/M_Wood_Oak.uasset"
[2017.03.16-04.09.06:514][  0]LogPackFactory: Copied "../../../Samples/StarterContent/Content/StarterContent/Materials/M_Wood_Pine.uasset" to "C:/Users/neelp/Documents/GitHub/LostInTimeAssestShare/LostInTimeAssetShare/Content/StarterContent/Materials/M_Wood_Pine.uasset"
[2017.03.16-04.09.06:515][  0]LogPackFactory: Copied "../../../Samples/StarterContent/Content/StarterContent/Materials/M_Wood_Walnut.uasset" to "C:/Users/neelp/Documents/GitHub/LostInTimeAssestShare/LostInTimeAssetShare/Content/StarterContent/Materials/M_Wood_Walnut.uasset"
[2017.03.16-04.09.06:516][  0]LogPackFactory: Copied "../../../Samples/StarterContent/Content/StarterContent/Particles/P_Ambient_Dust.uasset" to "C:/Users/neelp/Documents/GitHub/LostInTimeAssestShare/LostInTimeAssetShare/Content/StarterContent/Particles/P_Ambient_Dust.uasset"
[2017.03.16-04.09.06:517][  0]LogPackFactory: Copied "../../../Samples/StarterContent/Content/StarterContent/Particles/P_Explosion.uasset" to "C:/Users/neelp/Documents/GitHub/LostInTimeAssestShare/LostInTimeAssetShare/Content/StarterContent/Particles/P_Explosion.uasset"
[2017.03.16-04.09.06:518][  0]LogPackFactory: Copied "../../../Samples/StarterContent/Content/StarterContent/Particles/P_Fire.uasset" to "C:/Users/neelp/Documents/GitHub/LostInTimeAssestShare/LostInTimeAssetShare/Content/StarterContent/Particles/P_Fire.uasset"
[2017.03.16-04.09.06:519][  0]LogPackFactory: Copied "../../../Samples/StarterContent/Content/StarterContent/Particles/P_Smoke.uasset" to "C:/Users/neelp/Documents/GitHub/LostInTimeAssestShare/LostInTimeAssetShare/Content/StarterContent/Particles/P_Smoke.uasset"
[2017.03.16-04.09.06:520][  0]LogPackFactory: Copied "../../../Samples/StarterContent/Content/StarterContent/Particles/P_Sparks.uasset" to "C:/Users/neelp/Documents/GitHub/LostInTimeAssestShare/LostInTimeAssetShare/Content/StarterContent/Particles/P_Sparks.uasset"
[2017.03.16-04.09.06:521][  0]LogPackFactory: Copied "../../../Samples/StarterContent/Content/StarterContent/Particles/P_Steam_Lit.uasset" to "C:/Users/neelp/Documents/GitHub/LostInTimeAssestShare/LostInTimeAssetShare/Content/StarterContent/Particles/P_Steam_Lit.uasset"
[2017.03.16-04.09.06:522][  0]LogPackFactory: Copied "../../../Samples/StarterContent/Content/StarterContent/Particles/Materials/M_Burst.uasset" to "C:/Users/neelp/Documents/GitHub/LostInTimeAssestShare/LostInTimeAssetShare/Content/StarterContent/Particles/Materials/M_Burst.uasset"
[2017.03.16-04.09.06:523][  0]LogPackFactory: Copied "../../../Samples/StarterContent/Content/StarterContent/Particles/Materials/M_Dust_Particle.uasset" to "C:/Users/neelp/Documents/GitHub/LostInTimeAssestShare/LostInTimeAssetShare/Content/StarterContent/Particles/Materials/M_Dust_Particle.uasset"
[2017.03.16-04.09.06:524][  0]LogPackFactory: Copied "../../../Samples/StarterContent/Content/StarterContent/Particles/Materials/M_explosion_subUV.uasset" to "C:/Users/neelp/Documents/GitHub/LostInTimeAssestShare/LostInTimeAssetShare/Content/StarterContent/Particles/Materials/M_explosion_subUV.uasset"
[2017.03.16-04.09.06:525][  0]LogPackFactory: Copied "../../../Samples/StarterContent/Content/StarterContent/Particles/Materials/M_Fire_SubUV.uasset" to "C:/Users/neelp/Documents/GitHub/LostInTimeAssestShare/LostInTimeAssetShare/Content/StarterContent/Particles/Materials/M_Fire_SubUV.uasset"
[2017.03.16-04.09.06:526][  0]LogPackFactory: Copied "../../../Samples/StarterContent/Content/StarterContent/Particles/Materials/m_flare_01.uasset" to "C:/Users/neelp/Documents/GitHub/LostInTimeAssestShare/LostInTimeAssetShare/Content/StarterContent/Particles/Materials/m_flare_01.uasset"
[2017.03.16-04.09.06:526][  0]LogPackFactory: Copied "../../../Samples/StarterContent/Content/StarterContent/Particles/Materials/M_Heat_Distortion.uasset" to "C:/Users/neelp/Documents/GitHub/LostInTimeAssestShare/LostInTimeAssetShare/Content/StarterContent/Particles/Materials/M_Heat_Distortion.uasset"
[2017.03.16-04.09.06:527][  0]LogPackFactory: Copied "../../../Samples/StarterContent/Content/StarterContent/Particles/Materials/M_Radial_Gradient.uasset" to "C:/Users/neelp/Documents/GitHub/LostInTimeAssestShare/LostInTimeAssetShare/Content/StarterContent/Particles/Materials/M_Radial_Gradient.uasset"
[2017.03.16-04.09.06:528][  0]LogPackFactory: Copied "../../../Samples/StarterContent/Content/StarterContent/Particles/Materials/M_radial_ramp.uasset" to "C:/Users/neelp/Documents/GitHub/LostInTimeAssestShare/LostInTimeAssetShare/Content/StarterContent/Particles/Materials/M_radial_ramp.uasset"
[2017.03.16-04.09.06:529][  0]LogPackFactory: Copied "../../../Samples/StarterContent/Content/StarterContent/Particles/Materials/M_smoke_subUV.uasset" to "C:/Users/neelp/Documents/GitHub/LostInTimeAssestShare/LostInTimeAssetShare/Content/StarterContent/Particles/Materials/M_smoke_subUV.uasset"
[2017.03.16-04.09.06:529][  0]LogPackFactory: Copied "../../../Samples/StarterContent/Content/StarterContent/Particles/Materials/M_Spark.uasset" to "C:/Users/neelp/Documents/GitHub/LostInTimeAssestShare/LostInTimeAssetShare/Content/StarterContent/Particles/Materials/M_Spark.uasset"
[2017.03.16-04.09.06:530][  0]LogPackFactory: Copied "../../../Samples/StarterContent/Content/StarterContent/Props/MaterialSphere.uasset" to "C:/Users/neelp/Documents/GitHub/LostInTimeAssestShare/LostInTimeAssetShare/Content/StarterContent/Props/MaterialSphere.uasset"
[2017.03.16-04.09.06:532][  0]LogPackFactory: Copied "../../../Samples/StarterContent/Content/StarterContent/Props/SM_Bush.uasset" to "C:/Users/neelp/Documents/GitHub/LostInTimeAssestShare/LostInTimeAssetShare/Content/StarterContent/Props/SM_Bush.uasset"
[2017.03.16-04.09.06:532][  0]LogPackFactory: Copied "../../../Samples/StarterContent/Content/StarterContent/Props/SM_Chair.uasset" to "C:/Users/neelp/Documents/GitHub/LostInTimeAssestShare/LostInTimeAssetShare/Content/StarterContent/Props/SM_Chair.uasset"
[2017.03.16-04.09.06:533][  0]LogPackFactory: Copied "../../../Samples/StarterContent/Content/StarterContent/Props/SM_CornerFrame.uasset" to "C:/Users/neelp/Documents/GitHub/LostInTimeAssestShare/LostInTimeAssetShare/Content/StarterContent/Props/SM_CornerFrame.uasset"
[2017.03.16-04.09.06:534][  0]LogPackFactory: Copied "../../../Samples/StarterContent/Content/StarterContent/Props/SM_Couch.uasset" to "C:/Users/neelp/Documents/GitHub/LostInTimeAssestShare/LostInTimeAssetShare/Content/StarterContent/Props/SM_Couch.uasset"
[2017.03.16-04.09.06:535][  0]LogPackFactory: Copied "../../../Samples/StarterContent/Content/StarterContent/Props/SM_Door.uasset" to "C:/Users/neelp/Documents/GitHub/LostInTimeAssestShare/LostInTimeAssetShare/Content/StarterContent/Props/SM_Door.uasset"
[2017.03.16-04.09.06:536][  0]LogPackFactory: Copied "../../../Samples/StarterContent/Content/StarterContent/Props/SM_DoorFrame.uasset" to "C:/Users/neelp/Documents/GitHub/LostInTimeAssestShare/LostInTimeAssetShare/Content/StarterContent/Props/SM_DoorFrame.uasset"
[2017.03.16-04.09.06:537][  0]LogPackFactory: Copied "../../../Samples/StarterContent/Content/StarterContent/Props/SM_GlassWindow.uasset" to "C:/Users/neelp/Documents/GitHub/LostInTimeAssestShare/LostInTimeAssetShare/Content/StarterContent/Props/SM_GlassWindow.uasset"
[2017.03.16-04.09.06:537][  0]LogPackFactory: Copied "../../../Samples/StarterContent/Content/StarterContent/Props/SM_Lamp_Ceiling.uasset" to "C:/Users/neelp/Documents/GitHub/LostInTimeAssestShare/LostInTimeAssetShare/Content/StarterContent/Props/SM_Lamp_Ceiling.uasset"
[2017.03.16-04.09.06:538][  0]LogPackFactory: Copied "../../../Samples/StarterContent/Content/StarterContent/Props/SM_Lamp_Wall.uasset" to "C:/Users/neelp/Documents/GitHub/LostInTimeAssestShare/LostInTimeAssetShare/Content/StarterContent/Props/SM_Lamp_Wall.uasset"
[2017.03.16-04.09.06:540][  0]LogPackFactory: Copied "../../../Samples/StarterContent/Content/StarterContent/Props/SM_MatPreviewMesh_02.uasset" to "C:/Users/neelp/Documents/GitHub/LostInTimeAssestShare/LostInTimeAssetShare/Content/StarterContent/Props/SM_MatPreviewMesh_02.uasset"
[2017.03.16-04.09.06:541][  0]LogPackFactory: Copied "../../../Samples/StarterContent/Content/StarterContent/Props/SM_PillarFrame.uasset" to "C:/Users/neelp/Documents/GitHub/LostInTimeAssestShare/LostInTimeAssetShare/Content/StarterContent/Props/SM_PillarFrame.uasset"
[2017.03.16-04.09.06:541][  0]LogPackFactory: Copied "../../../Samples/StarterContent/Content/StarterContent/Props/SM_PillarFrame300.uasset" to "C:/Users/neelp/Documents/GitHub/LostInTimeAssestShare/LostInTimeAssetShare/Content/StarterContent/Props/SM_PillarFrame300.uasset"
[2017.03.16-04.09.06:542][  0]LogPackFactory: Copied "../../../Samples/StarterContent/Content/StarterContent/Props/SM_Rock.uasset" to "C:/Users/neelp/Documents/GitHub/LostInTimeAssestShare/LostInTimeAssetShare/Content/StarterContent/Props/SM_Rock.uasset"
[2017.03.16-04.09.06:543][  0]LogPackFactory: Copied "../../../Samples/StarterContent/Content/StarterContent/Props/SM_Shelf.uasset" to "C:/Users/neelp/Documents/GitHub/LostInTimeAssestShare/LostInTimeAssetShare/Content/StarterContent/Props/SM_Shelf.uasset"
[2017.03.16-04.09.06:543][  0]LogPackFactory: Copied "../../../Samples/StarterContent/Content/StarterContent/Props/SM_Stairs.uasset" to "C:/Users/neelp/Documents/GitHub/LostInTimeAssestShare/LostInTimeAssetShare/Content/StarterContent/Props/SM_Stairs.uasset"
[2017.03.16-04.09.06:544][  0]LogPackFactory: Copied "../../../Samples/StarterContent/Content/StarterContent/Props/SM_Statue.uasset" to "C:/Users/neelp/Documents/GitHub/LostInTimeAssestShare/LostInTimeAssetShare/Content/StarterContent/Props/SM_Statue.uasset"
[2017.03.16-04.09.06:553][  0]LogPackFactory: Copied "../../../Samples/StarterContent/Content/StarterContent/Props/SM_TableRound.uasset" to "C:/Users/neelp/Documents/GitHub/LostInTimeAssestShare/LostInTimeAssetShare/Content/StarterContent/Props/SM_TableRound.uasset"
[2017.03.16-04.09.06:554][  0]LogPackFactory: Copied "../../../Samples/StarterContent/Content/StarterContent/Props/SM_WindowFrame.uasset" to "C:/Users/neelp/Documents/GitHub/LostInTimeAssestShare/LostInTimeAssetShare/Content/StarterContent/Props/SM_WindowFrame.uasset"
[2017.03.16-04.09.06:555][  0]LogPackFactory: Copied "../../../Samples/StarterContent/Content/StarterContent/Props/Materials/M_Bush.uasset" to "C:/Users/neelp/Documents/GitHub/LostInTimeAssestShare/LostInTimeAssetShare/Content/StarterContent/Props/Materials/M_Bush.uasset"
[2017.03.16-04.09.06:556][  0]LogPackFactory: Copied "../../../Samples/StarterContent/Content/StarterContent/Props/Materials/M_Chair.uasset" to "C:/Users/neelp/Documents/GitHub/LostInTimeAssestShare/LostInTimeAssetShare/Content/StarterContent/Props/Materials/M_Chair.uasset"
[2017.03.16-04.09.06:564][  0]LogPackFactory: Copied "../../../Samples/StarterContent/Content/StarterContent/Props/Materials/M_Door.uasset" to "C:/Users/neelp/Documents/GitHub/LostInTimeAssestShare/LostInTimeAssetShare/Content/StarterContent/Props/Materials/M_Door.uasset"
[2017.03.16-04.09.06:565][  0]LogPackFactory: Copied "../../../Samples/StarterContent/Content/StarterContent/Props/Materials/M_Frame.uasset" to "C:/Users/neelp/Documents/GitHub/LostInTimeAssestShare/LostInTimeAssetShare/Content/StarterContent/Props/Materials/M_Frame.uasset"
[2017.03.16-04.09.06:566][  0]LogPackFactory: Copied "../../../Samples/StarterContent/Content/StarterContent/Props/Materials/M_Lamp.uasset" to "C:/Users/neelp/Documents/GitHub/LostInTimeAssestShare/LostInTimeAssetShare/Content/StarterContent/Props/Materials/M_Lamp.uasset"
[2017.03.16-04.09.06:567][  0]LogPackFactory: Copied "../../../Samples/StarterContent/Content/StarterContent/Props/Materials/M_MaterialSphere.uasset" to "C:/Users/neelp/Documents/GitHub/LostInTimeAssestShare/LostInTimeAssetShare/Content/StarterContent/Props/Materials/M_MaterialSphere.uasset"
[2017.03.16-04.09.06:568][  0]LogPackFactory: Copied "../../../Samples/StarterContent/Content/StarterContent/Props/Materials/M_MaterialSphere_Plain.uasset" to "C:/Users/neelp/Documents/GitHub/LostInTimeAssestShare/LostInTimeAssetShare/Content/StarterContent/Props/Materials/M_MaterialSphere_Plain.uasset"
[2017.03.16-04.09.06:569][  0]LogPackFactory: Copied "../../../Samples/StarterContent/Content/StarterContent/Props/Materials/M_Rock.uasset" to "C:/Users/neelp/Documents/GitHub/LostInTimeAssestShare/LostInTimeAssetShare/Content/StarterContent/Props/Materials/M_Rock.uasset"
[2017.03.16-04.09.06:570][  0]LogPackFactory: Copied "../../../Samples/StarterContent/Content/StarterContent/Props/Materials/M_Shelf.uasset" to "C:/Users/neelp/Documents/GitHub/LostInTimeAssestShare/LostInTimeAssetShare/Content/StarterContent/Props/Materials/M_Shelf.uasset"
[2017.03.16-04.09.06:570][  0]LogPackFactory: Copied "../../../Samples/StarterContent/Content/StarterContent/Props/Materials/M_Statue.uasset" to "C:/Users/neelp/Documents/GitHub/LostInTimeAssestShare/LostInTimeAssetShare/Content/StarterContent/Props/Materials/M_Statue.uasset"
[2017.03.16-04.09.06:571][  0]LogPackFactory: Copied "../../../Samples/StarterContent/Content/StarterContent/Props/Materials/M_StatueGlass.uasset" to "C:/Users/neelp/Documents/GitHub/LostInTimeAssestShare/LostInTimeAssetShare/Content/StarterContent/Props/Materials/M_StatueGlass.uasset"
[2017.03.16-04.09.06:572][  0]LogPackFactory: Copied "../../../Samples/StarterContent/Content/StarterContent/Props/Materials/M_TableRound.uasset" to "C:/Users/neelp/Documents/GitHub/LostInTimeAssestShare/LostInTimeAssetShare/Content/StarterContent/Props/Materials/M_TableRound.uasset"
[2017.03.16-04.09.06:573][  0]LogPackFactory: Copied "../../../Samples/StarterContent/Content/StarterContent/Shapes/Shape_Cone.uasset" to "C:/Users/neelp/Documents/GitHub/LostInTimeAssestShare/LostInTimeAssetShare/Content/StarterContent/Shapes/Shape_Cone.uasset"
[2017.03.16-04.09.06:574][  0]LogPackFactory: Copied "../../../Samples/StarterContent/Content/StarterContent/Shapes/Shape_Cube.uasset" to "C:/Users/neelp/Documents/GitHub/LostInTimeAssestShare/LostInTimeAssetShare/Content/StarterContent/Shapes/Shape_Cube.uasset"
[2017.03.16-04.09.06:581][  0]LogPackFactory: Copied "../../../Samples/StarterContent/Content/StarterContent/Shapes/Shape_Cylinder.uasset" to "C:/Users/neelp/Documents/GitHub/LostInTimeAssestShare/LostInTimeAssetShare/Content/StarterContent/Shapes/Shape_Cylinder.uasset"
[2017.03.16-04.09.06:582][  0]LogPackFactory: Copied "../../../Samples/StarterContent/Content/StarterContent/Shapes/Shape_NarrowCapsule.uasset" to "C:/Users/neelp/Documents/GitHub/LostInTimeAssestShare/LostInTimeAssetShare/Content/StarterContent/Shapes/Shape_NarrowCapsule.uasset"
[2017.03.16-04.09.06:583][  0]LogPackFactory: Copied "../../../Samples/StarterContent/Content/StarterContent/Shapes/Shape_Pipe.uasset" to "C:/Users/neelp/Documents/GitHub/LostInTimeAssestShare/LostInTimeAssetShare/Content/StarterContent/Shapes/Shape_Pipe.uasset"
[2017.03.16-04.09.06:584][  0]LogPackFactory: Copied "../../../Samples/StarterContent/Content/StarterContent/Shapes/Shape_Pipe_180.uasset" to "C:/Users/neelp/Documents/GitHub/LostInTimeAssestShare/LostInTimeAssetShare/Content/StarterContent/Shapes/Shape_Pipe_180.uasset"
[2017.03.16-04.09.06:585][  0]LogPackFactory: Copied "../../../Samples/StarterContent/Content/StarterContent/Shapes/Shape_Pipe_90.uasset" to "C:/Users/neelp/Documents/GitHub/LostInTimeAssestShare/LostInTimeAssetShare/Content/StarterContent/Shapes/Shape_Pipe_90.uasset"
[2017.03.16-04.09.06:586][  0]LogPackFactory: Copied "../../../Samples/StarterContent/Content/StarterContent/Shapes/Shape_Plane.uasset" to "C:/Users/neelp/Documents/GitHub/LostInTimeAssestShare/LostInTimeAssetShare/Content/StarterContent/Shapes/Shape_Plane.uasset"
[2017.03.16-04.09.06:586][  0]LogPackFactory: Copied "../../../Samples/StarterContent/Content/StarterContent/Shapes/Shape_QuadPyramid.uasset" to "C:/Users/neelp/Documents/GitHub/LostInTimeAssestShare/LostInTimeAssetShare/Content/StarterContent/Shapes/Shape_QuadPyramid.uasset"
[2017.03.16-04.09.06:587][  0]LogPackFactory: Copied "../../../Samples/StarterContent/Content/StarterContent/Shapes/Shape_Sphere.uasset" to "C:/Users/neelp/Documents/GitHub/LostInTimeAssestShare/LostInTimeAssetShare/Content/StarterContent/Shapes/Shape_Sphere.uasset"
[2017.03.16-04.09.06:588][  0]LogPackFactory: Copied "../../../Samples/StarterContent/Content/StarterContent/Shapes/Shape_Torus.uasset" to "C:/Users/neelp/Documents/GitHub/LostInTimeAssestShare/LostInTimeAssetShare/Content/StarterContent/Shapes/Shape_Torus.uasset"
[2017.03.16-04.09.06:589][  0]LogPackFactory: Copied "../../../Samples/StarterContent/Content/StarterContent/Shapes/Shape_Trim.uasset" to "C:/Users/neelp/Documents/GitHub/LostInTimeAssestShare/LostInTimeAssetShare/Content/StarterContent/Shapes/Shape_Trim.uasset"
[2017.03.16-04.09.06:590][  0]LogPackFactory: Copied "../../../Samples/StarterContent/Content/StarterContent/Shapes/Shape_Trim_90_In.uasset" to "C:/Users/neelp/Documents/GitHub/LostInTimeAssestShare/LostInTimeAssetShare/Content/StarterContent/Shapes/Shape_Trim_90_In.uasset"
[2017.03.16-04.09.06:591][  0]LogPackFactory: Copied "../../../Samples/StarterContent/Content/StarterContent/Shapes/Shape_Trim_90_Out.uasset" to "C:/Users/neelp/Documents/GitHub/LostInTimeAssestShare/LostInTimeAssetShare/Content/StarterContent/Shapes/Shape_Trim_90_Out.uasset"
[2017.03.16-04.09.06:592][  0]LogPackFactory: Copied "../../../Samples/StarterContent/Content/StarterContent/Shapes/Shape_TriPyramid.uasset" to "C:/Users/neelp/Documents/GitHub/LostInTimeAssestShare/LostInTimeAssetShare/Content/StarterContent/Shapes/Shape_TriPyramid.uasset"
[2017.03.16-04.09.06:593][  0]LogPackFactory: Copied "../../../Samples/StarterContent/Content/StarterContent/Shapes/Shape_Tube.uasset" to "C:/Users/neelp/Documents/GitHub/LostInTimeAssestShare/LostInTimeAssetShare/Content/StarterContent/Shapes/Shape_Tube.uasset"
[2017.03.16-04.09.06:598][  0]LogPackFactory: Copied "../../../Samples/StarterContent/Content/StarterContent/Shapes/Shape_Wedge_A.uasset" to "C:/Users/neelp/Documents/GitHub/LostInTimeAssestShare/LostInTimeAssetShare/Content/StarterContent/Shapes/Shape_Wedge_A.uasset"
[2017.03.16-04.09.06:599][  0]LogPackFactory: Copied "../../../Samples/StarterContent/Content/StarterContent/Shapes/Shape_Wedge_B.uasset" to "C:/Users/neelp/Documents/GitHub/LostInTimeAssestShare/LostInTimeAssetShare/Content/StarterContent/Shapes/Shape_Wedge_B.uasset"
[2017.03.16-04.09.06:600][  0]LogPackFactory: Copied "../../../Samples/StarterContent/Content/StarterContent/Shapes/Shape_WideCapsule.uasset" to "C:/Users/neelp/Documents/GitHub/LostInTimeAssestShare/LostInTimeAssetShare/Content/StarterContent/Shapes/Shape_WideCapsule.uasset"
[2017.03.16-04.09.06:604][  0]LogPackFactory: Copied "../../../Samples/StarterContent/Content/StarterContent/Textures/T_Brick_Clay_Beveled_D.uasset" to "C:/Users/neelp/Documents/GitHub/LostInTimeAssestShare/LostInTimeAssetShare/Content/StarterContent/Textures/T_Brick_Clay_Beveled_D.uasset"
[2017.03.16-04.09.06:608][  0]LogPackFactory: Copied "../../../Samples/StarterContent/Content/StarterContent/Textures/T_Brick_Clay_Beveled_M.uasset" to "C:/Users/neelp/Documents/GitHub/LostInTimeAssestShare/LostInTimeAssetShare/Content/StarterContent/Textures/T_Brick_Clay_Beveled_M.uasset"
[2017.03.16-04.09.06:615][  0]LogPackFactory: Copied "../../../Samples/StarterContent/Content/StarterContent/Textures/T_Brick_Clay_Beveled_N.uasset" to "C:/Users/neelp/Documents/GitHub/LostInTimeAssestShare/LostInTimeAssetShare/Content/StarterContent/Textures/T_Brick_Clay_Beveled_N.uasset"
[2017.03.16-04.09.06:618][  0]LogPackFactory: Copied "../../../Samples/StarterContent/Content/StarterContent/Textures/T_Brick_Clay_New_D.uasset" to "C:/Users/neelp/Documents/GitHub/LostInTimeAssestShare/LostInTimeAssetShare/Content/StarterContent/Textures/T_Brick_Clay_New_D.uasset"
[2017.03.16-04.09.06:623][  0]LogPackFactory: Copied "../../../Samples/StarterContent/Content/StarterContent/Textures/T_Brick_Clay_New_M.uasset" to "C:/Users/neelp/Documents/GitHub/LostInTimeAssestShare/LostInTimeAssetShare/Content/StarterContent/Textures/T_Brick_Clay_New_M.uasset"
[2017.03.16-04.09.06:630][  0]LogPackFactory: Copied "../../../Samples/StarterContent/Content/StarterContent/Textures/T_Brick_Clay_New_N.uasset" to "C:/Users/neelp/Documents/GitHub/LostInTimeAssestShare/LostInTimeAssetShare/Content/StarterContent/Textures/T_Brick_Clay_New_N.uasset"
[2017.03.16-04.09.06:636][  0]LogPackFactory: Copied "../../../Samples/StarterContent/Content/StarterContent/Textures/T_Brick_Clay_Old_D.uasset" to "C:/Users/neelp/Documents/GitHub/LostInTimeAssestShare/LostInTimeAssetShare/Content/StarterContent/Textures/T_Brick_Clay_Old_D.uasset"
[2017.03.16-04.09.06:640][  0]LogPackFactory: Copied "../../../Samples/StarterContent/Content/StarterContent/Textures/T_Brick_Clay_Old_N.uasset" to "C:/Users/neelp/Documents/GitHub/LostInTimeAssestShare/LostInTimeAssetShare/Content/StarterContent/Textures/T_Brick_Clay_Old_N.uasset"
[2017.03.16-04.09.06:647][  0]LogPackFactory: Copied "../../../Samples/StarterContent/Content/StarterContent/Textures/T_Brick_Cut_Stone_D.uasset" to "C:/Users/neelp/Documents/GitHub/LostInTimeAssestShare/LostInTimeAssetShare/Content/StarterContent/Textures/T_Brick_Cut_Stone_D.uasset"
[2017.03.16-04.09.06:650][  0]LogPackFactory: Copied "../../../Samples/StarterContent/Content/StarterContent/Textures/T_Brick_Cut_Stone_N.uasset" to "C:/Users/neelp/Documents/GitHub/LostInTimeAssestShare/LostInTimeAssetShare/Content/StarterContent/Textures/T_Brick_Cut_Stone_N.uasset"
[2017.03.16-04.09.06:654][  0]LogPackFactory: Copied "../../../Samples/StarterContent/Content/StarterContent/Textures/T_Brick_Hewn_Stone_D.uasset" to "C:/Users/neelp/Documents/GitHub/LostInTimeAssestShare/LostInTimeAssetShare/Content/StarterContent/Textures/T_Brick_Hewn_Stone_D.uasset"
[2017.03.16-04.09.06:658][  0]LogPackFactory: Copied "../../../Samples/StarterContent/Content/StarterContent/Textures/T_Brick_Hewn_Stone_M.uasset" to "C:/Users/neelp/Documents/GitHub/LostInTimeAssestShare/LostInTimeAssetShare/Content/StarterContent/Textures/T_Brick_Hewn_Stone_M.uasset"
[2017.03.16-04.09.06:662][  0]LogPackFactory: Copied "../../../Samples/StarterContent/Content/StarterContent/Textures/T_Brick_Hewn_Stone_N.uasset" to "C:/Users/neelp/Documents/GitHub/LostInTimeAssestShare/LostInTimeAssetShare/Content/StarterContent/Textures/T_Brick_Hewn_Stone_N.uasset"
[2017.03.16-04.09.06:663][  0]LogPackFactory: Copied "../../../Samples/StarterContent/Content/StarterContent/Textures/T_Burst_M.uasset" to "C:/Users/neelp/Documents/GitHub/LostInTimeAssestShare/LostInTimeAssetShare/Content/StarterContent/Textures/T_Burst_M.uasset"
[2017.03.16-04.09.06:664][  0]LogPackFactory: Copied "../../../Samples/StarterContent/Content/StarterContent/Textures/T_Bush_D.uasset" to "C:/Users/neelp/Documents/GitHub/LostInTimeAssestShare/LostInTimeAssetShare/Content/StarterContent/Textures/T_Bush_D.uasset"
[2017.03.16-04.09.06:665][  0]LogPackFactory: Copied "../../../Samples/StarterContent/Content/StarterContent/Textures/T_Bush_N.uasset" to "C:/Users/neelp/Documents/GitHub/LostInTimeAssestShare/LostInTimeAssetShare/Content/StarterContent/Textures/T_Bush_N.uasset"
[2017.03.16-04.09.06:666][  0]LogPackFactory: Copied "../../../Samples/StarterContent/Content/StarterContent/Textures/T_Ceramic_Tile_M.uasset" to "C:/Users/neelp/Documents/GitHub/LostInTimeAssestShare/LostInTimeAssetShare/Content/StarterContent/Textures/T_Ceramic_Tile_M.uasset"
[2017.03.16-04.09.06:667][  0]LogPackFactory: Copied "../../../Samples/StarterContent/Content/StarterContent/Textures/T_Ceramic_Tile_N.uasset" to "C:/Users/neelp/Documents/GitHub/LostInTimeAssestShare/LostInTimeAssetShare/Content/StarterContent/Textures/T_Ceramic_Tile_N.uasset"
[2017.03.16-04.09.06:668][  0]LogPackFactory: Copied "../../../Samples/StarterContent/Content/StarterContent/Textures/T_Chair_M.uasset" to "C:/Users/neelp/Documents/GitHub/LostInTimeAssestShare/LostInTimeAssetShare/Content/StarterContent/Textures/T_Chair_M.uasset"
[2017.03.16-04.09.06:670][  0]LogPackFactory: Copied "../../../Samples/StarterContent/Content/StarterContent/Textures/T_Chair_N.uasset" to "C:/Users/neelp/Documents/GitHub/LostInTimeAssestShare/LostInTimeAssetShare/Content/StarterContent/Textures/T_Chair_N.uasset"
[2017.03.16-04.09.06:671][  0]LogPackFactory: Copied "../../../Samples/StarterContent/Content/StarterContent/Textures/T_Checker_Noise_M.uasset" to "C:/Users/neelp/Documents/GitHub/LostInTimeAssestShare/LostInTimeAssetShare/Content/StarterContent/Textures/T_Checker_Noise_M.uasset"
[2017.03.16-04.09.06:676][  0]LogPackFactory: Copied "../../../Samples/StarterContent/Content/StarterContent/Textures/T_CobbleStone_Pebble_D.uasset" to "C:/Users/neelp/Documents/GitHub/LostInTimeAssestShare/LostInTimeAssetShare/Content/StarterContent/Textures/T_CobbleStone_Pebble_D.uasset"
[2017.03.16-04.09.06:677][  0]LogPackFactory: Copied "../../../Samples/StarterContent/Content/StarterContent/Textures/T_CobbleStone_Pebble_M.uasset" to "C:/Users/neelp/Documents/GitHub/LostInTimeAssestShare/LostInTimeAssetShare/Content/StarterContent/Textures/T_CobbleStone_Pebble_M.uasset"
[2017.03.16-04.09.06:683][  0]LogPackFactory: Copied "../../../Samples/StarterContent/Content/StarterContent/Textures/T_CobbleStone_Pebble_N.uasset" to "C:/Users/neelp/Documents/GitHub/LostInTimeAssestShare/LostInTimeAssetShare/Content/StarterContent/Textures/T_CobbleStone_Pebble_N.uasset"
[2017.03.16-04.09.06:685][  0]LogPackFactory: Copied "../../../Samples/StarterContent/Content/StarterContent/Textures/T_CobbleStone_Rough_D.uasset" to "C:/Users/neelp/Documents/GitHub/LostInTimeAssestShare/LostInTimeAssetShare/Content/StarterContent/Textures/T_CobbleStone_Rough_D.uasset"
[2017.03.16-04.09.06:687][  0]LogPackFactory: Copied "../../../Samples/StarterContent/Content/StarterContent/Textures/T_CobbleStone_Rough_N.uasset" to "C:/Users/neelp/Documents/GitHub/LostInTimeAssestShare/LostInTimeAssetShare/Content/StarterContent/Textures/T_CobbleStone_Rough_N.uasset"
[2017.03.16-04.09.06:691][  0]LogPackFactory: Copied "../../../Samples/StarterContent/Content/StarterContent/Textures/T_CobbleStone_Smooth_D.uasset" to "C:/Users/neelp/Documents/GitHub/LostInTimeAssestShare/LostInTimeAssetShare/Content/StarterContent/Textures/T_CobbleStone_Smooth_D.uasset"
[2017.03.16-04.09.06:694][  0]LogPackFactory: Copied "../../../Samples/StarterContent/Content/StarterContent/Textures/T_CobbleStone_Smooth_M.uasset" to "C:/Users/neelp/Documents/GitHub/LostInTimeAssestShare/LostInTimeAssetShare/Content/StarterContent/Textures/T_CobbleStone_Smooth_M.uasset"
[2017.03.16-04.09.06:699][  0]LogPackFactory: Copied "../../../Samples/StarterContent/Content/StarterContent/Textures/T_CobbleStone_Smooth_N.uasset" to "C:/Users/neelp/Documents/GitHub/LostInTimeAssestShare/LostInTimeAssetShare/Content/StarterContent/Textures/T_CobbleStone_Smooth_N.uasset"
[2017.03.16-04.09.06:705][  0]LogPackFactory: Copied "../../../Samples/StarterContent/Content/StarterContent/Textures/T_Concrete_Grime_D.uasset" to "C:/Users/neelp/Documents/GitHub/LostInTimeAssestShare/LostInTimeAssetShare/Content/StarterContent/Textures/T_Concrete_Grime_D.uasset"
[2017.03.16-04.09.06:709][  0]LogPackFactory: Copied "../../../Samples/StarterContent/Content/StarterContent/Textures/T_Concrete_Panels_D.uasset" to "C:/Users/neelp/Documents/GitHub/LostInTimeAssestShare/LostInTimeAssetShare/Content/StarterContent/Textures/T_Concrete_Panels_D.uasset"
[2017.03.16-04.09.06:713][  0]LogPackFactory: Copied "../../../Samples/StarterContent/Content/StarterContent/Textures/T_Concrete_Panels_N.uasset" to "C:/Users/neelp/Documents/GitHub/LostInTimeAssestShare/LostInTimeAssetShare/Content/StarterContent/Textures/T_Concrete_Panels_N.uasset"
[2017.03.16-04.09.06:719][  0]LogPackFactory: Copied "../../../Samples/StarterContent/Content/StarterContent/Textures/T_Concrete_Poured_D.uasset" to "C:/Users/neelp/Documents/GitHub/LostInTimeAssestShare/LostInTimeAssetShare/Content/StarterContent/Textures/T_Concrete_Poured_D.uasset"
[2017.03.16-04.09.06:723][  0]LogPackFactory: Copied "../../../Samples/StarterContent/Content/StarterContent/Textures/T_Concrete_Poured_N.uasset" to "C:/Users/neelp/Documents/GitHub/LostInTimeAssestShare/LostInTimeAssetShare/Content/StarterContent/Textures/T_Concrete_Poured_N.uasset"
[2017.03.16-04.09.06:726][  0]LogPackFactory: Copied "../../../Samples/StarterContent/Content/StarterContent/Textures/T_Concrete_Tiles_D.uasset" to "C:/Users/neelp/Documents/GitHub/LostInTimeAssestShare/LostInTimeAssetShare/Content/StarterContent/Textures/T_Concrete_Tiles_D.uasset"
[2017.03.16-04.09.06:730][  0]LogPackFactory: Copied "../../../Samples/StarterContent/Content/StarterContent/Textures/T_Concrete_Tiles_M.uasset" to "C:/Users/neelp/Documents/GitHub/LostInTimeAssestShare/LostInTimeAssetShare/Content/StarterContent/Textures/T_Concrete_Tiles_M.uasset"
[2017.03.16-04.09.06:733][  0]LogPackFactory: Copied "../../../Samples/StarterContent/Content/StarterContent/Textures/T_Concrete_Tiles_N.uasset" to "C:/Users/neelp/Documents/GitHub/LostInTimeAssestShare/LostInTimeAssetShare/Content/StarterContent/Textures/T_Concrete_Tiles_N.uasset"
[2017.03.16-04.09.06:734][  0]LogPackFactory: Copied "../../../Samples/StarterContent/Content/StarterContent/Textures/T_Concrete_Tiles_Variation_M.uasset" to "C:/Users/neelp/Documents/GitHub/LostInTimeAssestShare/LostInTimeAssetShare/Content/StarterContent/Textures/T_Concrete_Tiles_Variation_M.uasset"
[2017.03.16-04.09.06:737][  0]LogPackFactory: Copied "../../../Samples/StarterContent/Content/StarterContent/Textures/T_Detail_Rocky_N.uasset" to "C:/Users/neelp/Documents/GitHub/LostInTimeAssestShare/LostInTimeAssetShare/Content/StarterContent/Textures/T_Detail_Rocky_N.uasset"
[2017.03.16-04.09.06:738][  0]LogPackFactory: Copied "../../../Samples/StarterContent/Content/StarterContent/Textures/T_Door_M.uasset" to "C:/Users/neelp/Documents/GitHub/LostInTimeAssestShare/LostInTimeAssetShare/Content/StarterContent/Textures/T_Door_M.uasset"
[2017.03.16-04.09.06:740][  0]LogPackFactory: Copied "../../../Samples/StarterContent/Content/StarterContent/Textures/T_Door_N.uasset" to "C:/Users/neelp/Documents/GitHub/LostInTimeAssestShare/LostInTimeAssetShare/Content/StarterContent/Textures/T_Door_N.uasset"
[2017.03.16-04.09.06:741][  0]LogPackFactory: Copied "../../../Samples/StarterContent/Content/StarterContent/Textures/T_Dust_Particle_D.uasset" to "C:/Users/neelp/Documents/GitHub/LostInTimeAssestShare/LostInTimeAssetShare/Content/StarterContent/Textures/T_Dust_Particle_D.uasset"
[2017.03.16-04.09.06:743][  0]LogPackFactory: Copied "../../../Samples/StarterContent/Content/StarterContent/Textures/T_Explosion_SubUV.uasset" to "C:/Users/neelp/Documents/GitHub/LostInTimeAssestShare/LostInTimeAssetShare/Content/StarterContent/Textures/T_Explosion_SubUV.uasset"
[2017.03.16-04.09.06:744][  0]LogPackFactory: Copied "../../../Samples/StarterContent/Content/StarterContent/Textures/T_Fire_SubUV.uasset" to "C:/Users/neelp/Documents/GitHub/LostInTimeAssestShare/LostInTimeAssetShare/Content/StarterContent/Textures/T_Fire_SubUV.uasset"
[2017.03.16-04.09.06:745][  0]LogPackFactory: Copied "../../../Samples/StarterContent/Content/StarterContent/Textures/T_Fire_Tiled_D.uasset" to "C:/Users/neelp/Documents/GitHub/LostInTimeAssestShare/LostInTimeAssetShare/Content/StarterContent/Textures/T_Fire_Tiled_D.uasset"
[2017.03.16-04.09.06:747][  0]LogPackFactory: Copied "../../../Samples/StarterContent/Content/StarterContent/Textures/T_Frame_M.uasset" to "C:/Users/neelp/Documents/GitHub/LostInTimeAssestShare/LostInTimeAssetShare/Content/StarterContent/Textures/T_Frame_M.uasset"
[2017.03.16-04.09.06:748][  0]LogPackFactory: Copied "../../../Samples/StarterContent/Content/StarterContent/Textures/T_Frame_N.uasset" to "C:/Users/neelp/Documents/GitHub/LostInTimeAssestShare/LostInTimeAssetShare/Content/StarterContent/Textures/T_Frame_N.uasset"
[2017.03.16-04.09.06:750][  0]LogPackFactory: Copied "../../../Samples/StarterContent/Content/StarterContent/Textures/T_Gradinet_01.uasset" to "C:/Users/neelp/Documents/GitHub/LostInTimeAssestShare/LostInTimeAssetShare/Content/StarterContent/Textures/T_Gradinet_01.uasset"
[2017.03.16-04.09.06:756][  0]LogPackFactory: Copied "../../../Samples/StarterContent/Content/StarterContent/Textures/T_Ground_Grass_D.uasset" to "C:/Users/neelp/Documents/GitHub/LostInTimeAssestShare/LostInTimeAssetShare/Content/StarterContent/Textures/T_Ground_Grass_D.uasset"
[2017.03.16-04.09.06:762][  0]LogPackFactory: Copied "../../../Samples/StarterContent/Content/StarterContent/Textures/T_Ground_Grass_N.uasset" to "C:/Users/neelp/Documents/GitHub/LostInTimeAssestShare/LostInTimeAssetShare/Content/StarterContent/Textures/T_Ground_Grass_N.uasset"
[2017.03.16-04.09.06:767][  0]LogPackFactory: Copied "../../../Samples/StarterContent/Content/StarterContent/Textures/T_Ground_Gravel_D.uasset" to "C:/Users/neelp/Documents/GitHub/LostInTimeAssestShare/LostInTimeAssetShare/Content/StarterContent/Textures/T_Ground_Gravel_D.uasset"
[2017.03.16-04.09.06:771][  0]LogPackFactory: Copied "../../../Samples/StarterContent/Content/StarterContent/Textures/T_Ground_Gravel_N.uasset" to "C:/Users/neelp/Documents/GitHub/LostInTimeAssestShare/LostInTimeAssetShare/Content/StarterContent/Textures/T_Ground_Gravel_N.uasset"
[2017.03.16-04.09.06:777][  0]LogPackFactory: Copied "../../../Samples/StarterContent/Content/StarterContent/Textures/T_ground_Moss_D.uasset" to "C:/Users/neelp/Documents/GitHub/LostInTimeAssestShare/LostInTimeAssetShare/Content/StarterContent/Textures/T_ground_Moss_D.uasset"
[2017.03.16-04.09.06:781][  0]LogPackFactory: Copied "../../../Samples/StarterContent/Content/StarterContent/Textures/T_Ground_Moss_N.uasset" to "C:/Users/neelp/Documents/GitHub/LostInTimeAssestShare/LostInTimeAssetShare/Content/StarterContent/Textures/T_Ground_Moss_N.uasset"
[2017.03.16-04.09.06:783][  0]LogPackFactory: Copied "../../../Samples/StarterContent/Content/StarterContent/Textures/T_Lamp_M.uasset" to "C:/Users/neelp/Documents/GitHub/LostInTimeAssestShare/LostInTimeAssetShare/Content/StarterContent/Textures/T_Lamp_M.uasset"
[2017.03.16-04.09.06:785][  0]LogPackFactory: Copied "../../../Samples/StarterContent/Content/StarterContent/Textures/T_Lamp_N.uasset" to "C:/Users/neelp/Documents/GitHub/LostInTimeAssestShare/LostInTimeAssetShare/Content/StarterContent/Textures/T_Lamp_N.uasset"
[2017.03.16-04.09.06:790][  0]LogPackFactory: Copied "../../../Samples/StarterContent/Content/StarterContent/Textures/T_MacroVariation.uasset" to "C:/Users/neelp/Documents/GitHub/LostInTimeAssestShare/LostInTimeAssetShare/Content/StarterContent/Textures/T_MacroVariation.uasset"
[2017.03.16-04.09.06:795][  0]LogPackFactory: Copied "../../../Samples/StarterContent/Content/StarterContent/Textures/T_Metal_Aluminum_D.uasset" to "C:/Users/neelp/Documents/GitHub/LostInTimeAssestShare/LostInTimeAssetShare/Content/StarterContent/Textures/T_Metal_Aluminum_D.uasset"
[2017.03.16-04.09.06:799][  0]LogPackFactory: Copied "../../../Samples/StarterContent/Content/StarterContent/Textures/T_Metal_Copper_D.uasset" to "C:/Users/neelp/Documents/GitHub/LostInTimeAssestShare/LostInTimeAssetShare/Content/StarterContent/Textures/T_Metal_Copper_D.uasset"
[2017.03.16-04.09.06:804][  0]LogPackFactory: Copied "../../../Samples/StarterContent/Content/StarterContent/Textures/T_Metal_Gold_D.uasset" to "C:/Users/neelp/Documents/GitHub/LostInTimeAssestShare/LostInTimeAssetShare/Content/StarterContent/Textures/T_Metal_Gold_D.uasset"
[2017.03.16-04.09.06:806][  0]LogPackFactory: Copied "../../../Samples/StarterContent/Content/StarterContent/Textures/T_Metal_Gold_N.uasset" to "C:/Users/neelp/Documents/GitHub/LostInTimeAssestShare/LostInTimeAssetShare/Content/StarterContent/Textures/T_Metal_Gold_N.uasset"
[2017.03.16-04.09.06:811][  0]LogPackFactory: Copied "../../../Samples/StarterContent/Content/StarterContent/Textures/T_Metal_Rust_D.uasset" to "C:/Users/neelp/Documents/GitHub/LostInTimeAssestShare/LostInTimeAssetShare/Content/StarterContent/Textures/T_Metal_Rust_D.uasset"
[2017.03.16-04.09.06:815][  0]LogPackFactory: Copied "../../../Samples/StarterContent/Content/StarterContent/Textures/T_Metal_Rust_N.uasset" to "C:/Users/neelp/Documents/GitHub/LostInTimeAssestShare/LostInTimeAssetShare/Content/StarterContent/Textures/T_Metal_Rust_N.uasset"
[2017.03.16-04.09.06:817][  0]LogPackFactory: Copied "../../../Samples/StarterContent/Content/StarterContent/Textures/T_Metal_Steel_D.uasset" to "C:/Users/neelp/Documents/GitHub/LostInTimeAssestShare/LostInTimeAssetShare/Content/StarterContent/Textures/T_Metal_Steel_D.uasset"
[2017.03.16-04.09.06:820][  0]LogPackFactory: Copied "../../../Samples/StarterContent/Content/StarterContent/Textures/T_Metal_Steel_N.uasset" to "C:/Users/neelp/Documents/GitHub/LostInTimeAssestShare/LostInTimeAssetShare/Content/StarterContent/Textures/T_Metal_Steel_N.uasset"
[2017.03.16-04.09.06:824][  0]LogPackFactory: Copied "../../../Samples/StarterContent/Content/StarterContent/Textures/T_Perlin_Noise_M.uasset" to "C:/Users/neelp/Documents/GitHub/LostInTimeAssestShare/LostInTimeAssetShare/Content/StarterContent/Textures/T_Perlin_Noise_M.uasset"
[2017.03.16-04.09.06:826][  0]LogPackFactory: Copied "../../../Samples/StarterContent/Content/StarterContent/Textures/T_RockMesh_M.uasset" to "C:/Users/neelp/Documents/GitHub/LostInTimeAssestShare/LostInTimeAssetShare/Content/StarterContent/Textures/T_RockMesh_M.uasset"
[2017.03.16-04.09.06:829][  0]LogPackFactory: Copied "../../../Samples/StarterContent/Content/StarterContent/Textures/T_RockMesh_N.uasset" to "C:/Users/neelp/Documents/GitHub/LostInTimeAssestShare/LostInTimeAssetShare/Content/StarterContent/Textures/T_RockMesh_N.uasset"
[2017.03.16-04.09.06:834][  0]LogPackFactory: Copied "../../../Samples/StarterContent/Content/StarterContent/Textures/T_Rock_Basalt_D.uasset" to "C:/Users/neelp/Documents/GitHub/LostInTimeAssestShare/LostInTimeAssetShare/Content/StarterContent/Textures/T_Rock_Basalt_D.uasset"
[2017.03.16-04.09.06:838][  0]LogPackFactory: Copied "../../../Samples/StarterContent/Content/StarterContent/Textures/T_Rock_Basalt_N.uasset" to "C:/Users/neelp/Documents/GitHub/LostInTimeAssestShare/LostInTimeAssetShare/Content/StarterContent/Textures/T_Rock_Basalt_N.uasset"
[2017.03.16-04.09.06:841][  0]LogPackFactory: Copied "../../../Samples/StarterContent/Content/StarterContent/Textures/T_Rock_Marble_Polished_D.uasset" to "C:/Users/neelp/Documents/GitHub/LostInTimeAssestShare/LostInTimeAssetShare/Content/StarterContent/Textures/T_Rock_Marble_Polished_D.uasset"
[2017.03.16-04.09.06:846][  0]LogPackFactory: Copied "../../../Samples/StarterContent/Content/StarterContent/Textures/T_Rock_Sandstone_D.uasset" to "C:/Users/neelp/Documents/GitHub/LostInTimeAssestShare/LostInTimeAssetShare/Content/StarterContent/Textures/T_Rock_Sandstone_D.uasset"
[2017.03.16-04.09.06:851][  0]LogPackFactory: Copied "../../../Samples/StarterContent/Content/StarterContent/Textures/T_Rock_Sandstone_N.uasset" to "C:/Users/neelp/Documents/GitHub/LostInTimeAssestShare/LostInTimeAssetShare/Content/StarterContent/Textures/T_Rock_Sandstone_N.uasset"
[2017.03.16-04.09.06:857][  0]LogPackFactory: Copied "../../../Samples/StarterContent/Content/StarterContent/Textures/T_Rock_Slate_D.uasset" to "C:/Users/neelp/Documents/GitHub/LostInTimeAssestShare/LostInTimeAssetShare/Content/StarterContent/Textures/T_Rock_Slate_D.uasset"
[2017.03.16-04.09.06:861][  0]LogPackFactory: Copied "../../../Samples/StarterContent/Content/StarterContent/Textures/T_Rock_Slate_N.uasset" to "C:/Users/neelp/Documents/GitHub/LostInTimeAssestShare/LostInTimeAssetShare/Content/StarterContent/Textures/T_Rock_Slate_N.uasset"
[2017.03.16-04.09.06:866][  0]LogPackFactory: Copied "../../../Samples/StarterContent/Content/StarterContent/Textures/T_Rock_Smooth_Granite_D.uasset" to "C:/Users/neelp/Documents/GitHub/LostInTimeAssestShare/LostInTimeAssetShare/Content/StarterContent/Textures/T_Rock_Smooth_Granite_D.uasset"
[2017.03.16-04.09.06:867][  0]LogPackFactory: Copied "../../../Samples/StarterContent/Content/StarterContent/Textures/T_Shelf_M.uasset" to "C:/Users/neelp/Documents/GitHub/LostInTimeAssestShare/LostInTimeAssetShare/Content/StarterContent/Textures/T_Shelf_M.uasset"
[2017.03.16-04.09.06:869][  0]LogPackFactory: Copied "../../../Samples/StarterContent/Content/StarterContent/Textures/T_Shelf_N.uasset" to "C:/Users/neelp/Documents/GitHub/LostInTimeAssestShare/LostInTimeAssetShare/Content/StarterContent/Textures/T_Shelf_N.uasset"
[2017.03.16-04.09.06:869][  0]LogPackFactory: Copied "../../../Samples/StarterContent/Content/StarterContent/Textures/T_Single_Tile_N.uasset" to "C:/Users/neelp/Documents/GitHub/LostInTimeAssestShare/LostInTimeAssetShare/Content/StarterContent/Textures/T_Single_Tile_N.uasset"
[2017.03.16-04.09.06:871][  0]LogPackFactory: Copied "../../../Samples/StarterContent/Content/StarterContent/Textures/T_Smoke_SubUV.uasset" to "C:/Users/neelp/Documents/GitHub/LostInTimeAssestShare/LostInTimeAssetShare/Content/StarterContent/Textures/T_Smoke_SubUV.uasset"
[2017.03.16-04.09.06:872][  0]LogPackFactory: Copied "../../../Samples/StarterContent/Content/StarterContent/Textures/T_Smoke_Tiled_D.uasset" to "C:/Users/neelp/Documents/GitHub/LostInTimeAssestShare/LostInTimeAssetShare/Content/StarterContent/Textures/T_Smoke_Tiled_D.uasset"
[2017.03.16-04.09.06:873][  0]LogPackFactory: Copied "../../../Samples/StarterContent/Content/StarterContent/Textures/T_Spark_Core.uasset" to "C:/Users/neelp/Documents/GitHub/LostInTimeAssestShare/LostInTimeAssetShare/Content/StarterContent/Textures/T_Spark_Core.uasset"
[2017.03.16-04.09.06:874][  0]LogPackFactory: Copied "../../../Samples/StarterContent/Content/StarterContent/Textures/T_Statue_M.uasset" to "C:/Users/neelp/Documents/GitHub/LostInTimeAssestShare/LostInTimeAssetShare/Content/StarterContent/Textures/T_Statue_M.uasset"
[2017.03.16-04.09.06:875][  0]LogPackFactory: Copied "../../../Samples/StarterContent/Content/StarterContent/Textures/T_Statue_N.uasset" to "C:/Users/neelp/Documents/GitHub/LostInTimeAssestShare/LostInTimeAssetShare/Content/StarterContent/Textures/T_Statue_N.uasset"
[2017.03.16-04.09.06:876][  0]LogPackFactory: Copied "../../../Samples/StarterContent/Content/StarterContent/Textures/T_TableRound_M.uasset" to "C:/Users/neelp/Documents/GitHub/LostInTimeAssestShare/LostInTimeAssetShare/Content/StarterContent/Textures/T_TableRound_M.uasset"
[2017.03.16-04.09.06:878][  0]LogPackFactory: Copied "../../../Samples/StarterContent/Content/StarterContent/Textures/T_TableRound_N.uasset" to "C:/Users/neelp/Documents/GitHub/LostInTimeAssestShare/LostInTimeAssetShare/Content/StarterContent/Textures/T_TableRound_N.uasset"
[2017.03.16-04.09.06:879][  0]LogPackFactory: Copied "../../../Samples/StarterContent/Content/StarterContent/Textures/T_Tech_Dot_M.uasset" to "C:/Users/neelp/Documents/GitHub/LostInTimeAssestShare/LostInTimeAssetShare/Content/StarterContent/Textures/T_Tech_Dot_M.uasset"
[2017.03.16-04.09.06:879][  0]LogPackFactory: Copied "../../../Samples/StarterContent/Content/StarterContent/Textures/T_Tech_Dot_N.uasset" to "C:/Users/neelp/Documents/GitHub/LostInTimeAssestShare/LostInTimeAssetShare/Content/StarterContent/Textures/T_Tech_Dot_N.uasset"
[2017.03.16-04.09.06:881][  0]LogPackFactory: Copied "../../../Samples/StarterContent/Content/StarterContent/Textures/T_Tech_Hex_Tile_M.uasset" to "C:/Users/neelp/Documents/GitHub/LostInTimeAssestShare/LostInTimeAssetShare/Content/StarterContent/Textures/T_Tech_Hex_Tile_M.uasset"
[2017.03.16-04.09.06:882][  0]LogPackFactory: Copied "../../../Samples/StarterContent/Content/StarterContent/Textures/T_Tech_Hex_Tile_N.uasset" to "C:/Users/neelp/Documents/GitHub/LostInTimeAssestShare/LostInTimeAssetShare/Content/StarterContent/Textures/T_Tech_Hex_Tile_N.uasset"
[2017.03.16-04.09.06:883][  0]LogPackFactory: Copied "../../../Samples/StarterContent/Content/StarterContent/Textures/T_Tech_Panel_M.uasset" to "C:/Users/neelp/Documents/GitHub/LostInTimeAssestShare/LostInTimeAssetShare/Content/StarterContent/Textures/T_Tech_Panel_M.uasset"
[2017.03.16-04.09.06:884][  0]LogPackFactory: Copied "../../../Samples/StarterContent/Content/StarterContent/Textures/T_Tech_Panel_N.uasset" to "C:/Users/neelp/Documents/GitHub/LostInTimeAssestShare/LostInTimeAssetShare/Content/StarterContent/Textures/T_Tech_Panel_N.uasset"
[2017.03.16-04.09.06:886][  0]LogPackFactory: Copied "../../../Samples/StarterContent/Content/StarterContent/Textures/T_Water_M.uasset" to "C:/Users/neelp/Documents/GitHub/LostInTimeAssestShare/LostInTimeAssetShare/Content/StarterContent/Textures/T_Water_M.uasset"
[2017.03.16-04.09.06:888][  0]LogPackFactory: Copied "../../../Samples/StarterContent/Content/StarterContent/Textures/T_Water_N.uasset" to "C:/Users/neelp/Documents/GitHub/LostInTimeAssestShare/LostInTimeAssetShare/Content/StarterContent/Textures/T_Water_N.uasset"
[2017.03.16-04.09.06:890][  0]LogPackFactory: Copied "../../../Samples/StarterContent/Content/StarterContent/Textures/T_Wood_Floor_Walnut_D.uasset" to "C:/Users/neelp/Documents/GitHub/LostInTimeAssestShare/LostInTimeAssetShare/Content/StarterContent/Textures/T_Wood_Floor_Walnut_D.uasset"
[2017.03.16-04.09.06:893][  0]LogPackFactory: Copied "../../../Samples/StarterContent/Content/StarterContent/Textures/T_Wood_Floor_Walnut_M.uasset" to "C:/Users/neelp/Documents/GitHub/LostInTimeAssestShare/LostInTimeAssetShare/Content/StarterContent/Textures/T_Wood_Floor_Walnut_M.uasset"
[2017.03.16-04.09.06:895][  0]LogPackFactory: Copied "../../../Samples/StarterContent/Content/StarterContent/Textures/T_Wood_Floor_Walnut_N.uasset" to "C:/Users/neelp/Documents/GitHub/LostInTimeAssestShare/LostInTimeAssetShare/Content/StarterContent/Textures/T_Wood_Floor_Walnut_N.uasset"
[2017.03.16-04.09.06:899][  0]LogPackFactory: Copied "../../../Samples/StarterContent/Content/StarterContent/Textures/T_Wood_Oak_D.uasset" to "C:/Users/neelp/Documents/GitHub/LostInTimeAssestShare/LostInTimeAssetShare/Content/StarterContent/Textures/T_Wood_Oak_D.uasset"
[2017.03.16-04.09.06:902][  0]LogPackFactory: Copied "../../../Samples/StarterContent/Content/StarterContent/Textures/T_Wood_Oak_N.uasset" to "C:/Users/neelp/Documents/GitHub/LostInTimeAssestShare/LostInTimeAssetShare/Content/StarterContent/Textures/T_Wood_Oak_N.uasset"
[2017.03.16-04.09.06:907][  0]LogPackFactory: Copied "../../../Samples/StarterContent/Content/StarterContent/Textures/T_Wood_Pine_D.uasset" to "C:/Users/neelp/Documents/GitHub/LostInTimeAssestShare/LostInTimeAssetShare/Content/StarterContent/Textures/T_Wood_Pine_D.uasset"
[2017.03.16-04.09.06:910][  0]LogPackFactory: Copied "../../../Samples/StarterContent/Content/StarterContent/Textures/T_Wood_Pine_N.uasset" to "C:/Users/neelp/Documents/GitHub/LostInTimeAssestShare/LostInTimeAssetShare/Content/StarterContent/Textures/T_Wood_Pine_N.uasset"
[2017.03.16-04.09.06:913][  0]LogPackFactory: Copied "../../../Samples/StarterContent/Content/StarterContent/Textures/T_Wood_Walnut_D.uasset" to "C:/Users/neelp/Documents/GitHub/LostInTimeAssestShare/LostInTimeAssetShare/Content/StarterContent/Textures/T_Wood_Walnut_D.uasset"
[2017.03.16-04.09.06:916][  0]LogPackFactory: Copied "../../../Samples/StarterContent/Content/StarterContent/Textures/T_Wood_Walnut_N.uasset" to "C:/Users/neelp/Documents/GitHub/LostInTimeAssestShare/LostInTimeAssetShare/Content/StarterContent/Textures/T_Wood_Walnut_N.uasset"
[2017.03.16-04.09.06:977][  0]LogRenderer: Reallocating scene render targets to support 256x256 NumSamples 1 (Frame:2).
[2017.03.16-04.09.07:013][  0]LogSavePackage: Save=7.65ms
[2017.03.16-04.09.07:013][  0]LogSavePackage: Moving 'C:/Users/neelp/Documents/GitHub/LostInTimeAssestShare/LostInTimeAssetShare/Saved/Floor_400x400021F022145197F0412AA4D8E44C5FC81.tmp' to 'C:/Users/neelp/Documents/GitHub/LostInTimeAssestShare/LostInTimeAssetShare/Content/StarterContent/Architecture/Floor_400x400.uasset'
[2017.03.16-04.09.07:015][  0]LogSavePackage:Display: Finished SavePackage C:/Users/neelp/Documents/GitHub/LostInTimeAssestShare/LostInTimeAssetShare/Content/StarterContent/Architecture/Floor_400x400.uasset
[2017.03.16-04.09.07:015][  0]LogFeaturePack:Warning: Inserted 1 feature packs
[2017.03.16-04.09.07:016][  0]Cmd: MAP LOAD FILE="C:/Users/neelp/Documents/GitHub/LostInTimeAssestShare/LostInTimeAssetShare/Content/StarterContent/Maps/Minimal_Default.umap" TEMPLATE=0 SHOWPROGRESS=1 FEATURELEVEL=3
[2017.03.16-04.09.07:017][  0]LightingResults: New page: Lighting Build
[2017.03.16-04.09.07:047][  0]MapCheck: New page: Map Check
[2017.03.16-04.09.07:047][  0]LightingResults: New page: Lighting Build
[2017.03.16-04.09.07:259][  0]LogAIModule: Creating AISystem for world Minimal_Default
[2017.03.16-04.09.07:264][  0]LogEditorServer: Finished looking for orphan Actors (0.000 secs)
[2017.03.16-04.09.07:264][  0]Cmd: MAP CHECKDEP NOCLEARLOG
[2017.03.16-04.09.07:345][  0]MapCheck: Info Map check complete: 0 Error(s), 0 Warning(s), took 80.148ms to complete.
[2017.03.16-04.09.07:345][  0]LogFileHelpers: Loading map 'Minimal_Default' took 0.328
[2017.03.16-04.09.07:475][  0]LogCollectionManager: Loaded 0 collections in 0.000959 seconds
[2017.03.16-04.09.07:547][  0]LogFileCache: Scanning file cache for directory 'C:/Users/neelp/Documents/GitHub/LostInTimeAssestShare/LostInTimeAssetShare/Saved/Collections/' took 0.01s
[2017.03.16-04.09.07:547][  0]LogFileCache: Scanning file cache for directory 'C:/Users/neelp/Documents/GitHub/LostInTimeAssestShare/LostInTimeAssetShare/Content/Developers/neelp/Collections/' took 0.01s
[2017.03.16-04.09.07:547][  0]LogFileCache: Scanning file cache for directory 'C:/Users/neelp/Documents/GitHub/LostInTimeAssestShare/LostInTimeAssetShare/Content/Collections/' took 0.01s
[2017.03.16-04.09.07:547][  0]LogCollectionManager: Rebuilt the GUID cache for 0 collections in 0.000002 seconds
[2017.03.16-04.09.07:554][  0]LogContentBrowser: Native class hierarchy populated in 0.0068 seconds. Added 2244 classes and 450 folders.
[2017.03.16-04.09.07:556][  0]LogStats: UGameplayTagsManager::ConstructGameplayTagTree: Construct from data asset -  0.000 s
[2017.03.16-04.09.07:556][  0]LogStats: UGameplayTagsManager::ConstructGameplayTagTree: GameplayTagTreeChangedEvent.Broadcast -  0.000 s
[2017.03.16-04.09.07:598][  0]LogContentBrowser: Native class hierarchy updated for 'WidgetCarousel' in 0.0004 seconds. Added 0 classes and 0 folders.
[2017.03.16-04.09.07:665][  0]LogContentBrowser: Native class hierarchy updated for 'AddContentDialog' in 0.0004 seconds. Added 0 classes and 0 folders.
[2017.03.16-04.09.07:698][  0]LogContentBrowser: Native class hierarchy updated for 'SceneOutliner' in 0.0004 seconds. Added 1 classes and 2 folders.
[2017.03.16-04.09.07:730][  0]LogCrashTracker: Crashtracker disabled due to settings.
[2017.03.16-04.09.07:735][  0]LogUObjectGlobals:Warning: Failed to find object 'Class None.'
[2017.03.16-04.09.07:789][  0]LogContentBrowser: Native class hierarchy updated for 'HierarchicalLODOutliner' in 0.0004 seconds. Added 1 classes and 2 folders.
[2017.03.16-04.09.07:789][  0]LogLoad: (Engine Initialization) Total time: 14.66 seconds
[2017.03.16-04.09.07:789][  0]LogLoad: (Engine Initialization) Total Blueprint compile time: 0.06 seconds
[2017.03.16-04.09.07:789][  0]LogExternalProfiler: Found external profiler: VSPerf
[2017.03.16-04.09.07:789][  0]LogExternalProfiler: Using external profiler: VSPerf
[2017.03.16-04.09.08:129][  0]LogOcInput: OculusInput pre-init called
[2017.03.16-04.09.08:832][  0]LogContentStreaming: Texture pool size now 1000 MB
[2017.03.16-04.09.08:833][  0]LogSlate: Took 0.000611 seconds to synchronously load lazily loaded font '../../../Engine/Content/Slate/Fonts/Roboto-Regular.ttf' (155K)
[2017.03.16-04.09.08:837][  0]LogSlate: Took 0.000658 seconds to synchronously load lazily loaded font '../../../Engine/Content/Slate/Fonts/Roboto-Bold.ttf' (160K)
[2017.03.16-04.09.08:841][  0]LogSlate: Took 0.000549 seconds to synchronously load lazily loaded font '../../../Engine/Content/Editor/Slate/Fonts/FontAwesome.ttf' (139K)
[2017.03.16-04.09.08:933][  0]LogRenderer: Reallocating scene render targets to support 1208x576 NumSamples 1 (Frame:3).
[2017.03.16-04.09.08:933][  0]LogSlate: Took 0.000909 seconds to synchronously load lazily loaded font '../../../Engine/Content/Slate/Fonts/Roboto-Light.ttf' (159K)
[2017.03.16-04.09.08:980][  1]LogAssetRegistry: Asset discovery search completed in 9.0437 seconds
[2017.03.16-04.09.08:980][  1]LogCollectionManager: Rebuilt the object cache for 0 collections in 0.000003 seconds (found 0 objects)
[2017.03.16-04.09.08:980][  1]LogCollectionManager: Fixed up redirectors for 0 collections in 0.000013 seconds (updated 0 objects)
[2017.03.16-04.09.21:793][400]SourceControl: Info On branch master
[2017.03.16-04.09.21:793][400]SourceControl: Info Untracked files:
[2017.03.16-04.09.21:793][400]SourceControl: Info   (use "git add <file>..." to include in what will be committed)
[2017.03.16-04.09.21:793][400]SourceControl: Info 	LostInTimeAssetShare/
[2017.03.16-04.09.21:793][400]SourceControl: Info nothing added to commit but untracked files present (use "git add" to track)
